[ 2014-09-27T09:42:13+08:00 ] 0.0.0.0 /weshop/admin.php/Index/addGoods
INFO: [ route_check ] --START--
INFO: CheckRoute Behavior ::run [ RunTime:0.001512s ]
INFO: [ route_check ] --END-- [ RunTime:0.001715s ]
INFO: [ app_begin ] --START--
INFO: ReadHtmlCache Behavior ::run [ RunTime:0.000996s ]
INFO: [ app_begin ] --END-- [ RunTime:0.001144s ]
NOTIC: [8] Undefined index: adminUserId /Users/apple/Documents/www/weshop/application/admin/Lib/Action/IndexAction.class.php 第 88 行.
INFO: [ view_parse ] --START--
INFO: ParseTemplate Behavior ::run [ RunTime:0.014161s ]
INFO: [ view_parse ] --END-- [ RunTime:0.014287s ]
INFO: [ view_filter ] --START--
INFO: ContentReplace Behavior ::run [ RunTime:0.000685s ]
INFO: TokenBuild Behavior ::run [ RunTime:0.000813s ]
INFO: WriteHtmlCache Behavior ::run [ RunTime:0.000545s ]
INFO: ShowRuntime Behavior ::run [ RunTime:0.000854s ]
INFO: [ view_filter ] --END-- [ RunTime:0.003124s ]
INFO: [ view_end ] --START--
INFO: ShowPageTrace Behavior ::run [ RunTime:0.001091s ]
INFO: [ view_end ] --END-- [ RunTime:0.001162s ]

[ 2014-09-27T09:42:20+08:00 ] 0.0.0.0 /weshop/admin.php/Index/sign
INFO: [ route_check ] --START--
INFO: CheckRoute Behavior ::run [ RunTime:0.000554s ]
INFO: [ route_check ] --END-- [ RunTime:0.000662s ]
INFO: [ app_begin ] --START--
INFO: ReadHtmlCache Behavior ::run [ RunTime:0.000413s ]
INFO: [ app_begin ] --END-- [ RunTime:0.000529s ]
SQL: SHOW COLUMNS FROM `users` [ RunTime:0.026413s ]
SQL: SELECT * FROM `users` WHERE ( phone=15692383272 ) LIMIT 1   [ RunTime:0.035239s ]

[ 2014-09-27T09:42:20+08:00 ] 0.0.0.0 /weshop/admin.php/Index/index
INFO: [ route_check ] --START--
INFO: CheckRoute Behavior ::run [ RunTime:0.000568s ]
INFO: [ route_check ] --END-- [ RunTime:0.000636s ]
INFO: [ app_begin ] --START--
INFO: ReadHtmlCache Behavior ::run [ RunTime:0.000438s ]
INFO: [ app_begin ] --END-- [ RunTime:0.000486s ]
INFO: [ view_parse ] --START--
INFO: ParseTemplate Behavior ::run [ RunTime:0.009288s ]
INFO: [ view_parse ] --END-- [ RunTime:0.009338s ]
INFO: [ view_filter ] --START--
INFO: ContentReplace Behavior ::run [ RunTime:0.000226s ]
INFO: TokenBuild Behavior ::run [ RunTime:0.000222s ]
INFO: WriteHtmlCache Behavior ::run [ RunTime:0.000113s ]
INFO: ShowRuntime Behavior ::run [ RunTime:0.000221s ]
INFO: [ view_filter ] --END-- [ RunTime:0.000868s ]
INFO: [ view_end ] --START--
INFO: ShowPageTrace Behavior ::run [ RunTime:0.000322s ]
INFO: [ view_end ] --END-- [ RunTime:0.000355s ]

[ 2014-09-27T09:42:25+08:00 ] 0.0.0.0 /weshop/admin.php/Index/manageType
INFO: [ route_check ] --START--
INFO: CheckRoute Behavior ::run [ RunTime:0.000354s ]
INFO: [ route_check ] --END-- [ RunTime:0.000416s ]
INFO: [ app_begin ] --START--
INFO: ReadHtmlCache Behavior ::run [ RunTime:0.000229s ]
INFO: [ app_begin ] --END-- [ RunTime:0.000261s ]
SQL: SHOW COLUMNS FROM `category` [ RunTime:0.014836s ]
SQL: SELECT * FROM `category`  [ RunTime:0.000405s ]
INFO: [ view_parse ] --START--
INFO: ParseTemplate Behavior ::run [ RunTime:0.012983s ]
INFO: [ view_parse ] --END-- [ RunTime:0.013107s ]
INFO: [ view_filter ] --START--
INFO: ContentReplace Behavior ::run [ RunTime:0.000285s ]
INFO: TokenBuild Behavior ::run [ RunTime:0.000275s ]
INFO: WriteHtmlCache Behavior ::run [ RunTime:0.000148s ]
INFO: ShowRuntime Behavior ::run [ RunTime:0.000234s ]
INFO: [ view_filter ] --END-- [ RunTime:0.001040s ]
INFO: [ view_end ] --START--
INFO: ShowPageTrace Behavior ::run [ RunTime:0.000302s ]
INFO: [ view_end ] --END-- [ RunTime:0.000341s ]

[ 2014-09-27T09:42:26+08:00 ] 0.0.0.0 /weshop/admin.php/Index/addGoods
INFO: [ route_check ] --START--
INFO: CheckRoute Behavior ::run [ RunTime:0.000456s ]
INFO: [ route_check ] --END-- [ RunTime:0.000512s ]
INFO: [ app_begin ] --START--
INFO: ReadHtmlCache Behavior ::run [ RunTime:0.000418s ]
INFO: [ app_begin ] --END-- [ RunTime:0.000458s ]
SQL: SHOW COLUMNS FROM `category` [ RunTime:0.010176s ]
SQL: SELECT * FROM `category`  [ RunTime:0.000446s ]
INFO: [ view_parse ] --START--
NOTIC: [8] Undefined variable: mark /Users/apple/Documents/www/weshop/application/admin/Runtime/Cache/58c8d58db9e3616868f688b1f1d91242.php 第 83 行.
INFO: ParseTemplate Behavior ::run [ RunTime:0.007052s ]
INFO: [ view_parse ] --END-- [ RunTime:0.007096s ]
INFO: [ view_filter ] --START--
INFO: ContentReplace Behavior ::run [ RunTime:0.000180s ]
INFO: TokenBuild Behavior ::run [ RunTime:0.000186s ]
INFO: WriteHtmlCache Behavior ::run [ RunTime:0.000102s ]
INFO: ShowRuntime Behavior ::run [ RunTime:0.000189s ]
INFO: [ view_filter ] --END-- [ RunTime:0.000745s ]
INFO: [ view_end ] --START--
INFO: ShowPageTrace Behavior ::run [ RunTime:0.000265s ]
INFO: [ view_end ] --END-- [ RunTime:0.000294s ]

[ 2014-09-27T09:42:28+08:00 ] 0.0.0.0 /weshop/admin.php/Index/list
INFO: [ route_check ] --START--
INFO: CheckRoute Behavior ::run [ RunTime:0.000496s ]
INFO: [ route_check ] --END-- [ RunTime:0.000559s ]
INFO: [ app_begin ] --START--
INFO: ReadHtmlCache Behavior ::run [ RunTime:0.000266s ]
INFO: [ app_begin ] --END-- [ RunTime:0.000306s ]
NOTIC: [8] Constant THEME_NAME already defined /Users/apple/Documents/www/weshop/library/ThinkPHP/Lib/Core/View.class.php 第 223 行.
NOTIC: [8] Constant THEME_PATH already defined /Users/apple/Documents/www/weshop/library/ThinkPHP/Lib/Core/View.class.php 第 174 行.
NOTIC: [8] Constant APP_TMPL_PATH already defined /Users/apple/Documents/www/weshop/library/ThinkPHP/Lib/Core/View.class.php 第 175 行.
INFO: [ view_parse ] --START--
NOTIC: [8] Undefined variable: mark /Users/apple/Documents/www/weshop/application/admin/Runtime/Cache/a830ffcdb72d4a88f7afb392880d7873.php 第 83 行.
NOTIC: [8] Undefined variable: type /Users/apple/Documents/www/weshop/application/admin/Runtime/Cache/a830ffcdb72d4a88f7afb392880d7873.php 第 96 行.
NOTIC: [8] Undefined variable: commodity /Users/apple/Documents/www/weshop/application/admin/Runtime/Cache/a830ffcdb72d4a88f7afb392880d7873.php 第 109 行.
INFO: ParseTemplate Behavior ::run [ RunTime:0.013949s ]
INFO: [ view_parse ] --END-- [ RunTime:0.013981s ]
INFO: [ view_filter ] --START--
INFO: ContentReplace Behavior ::run [ RunTime:0.000163s ]
INFO: TokenBuild Behavior ::run [ RunTime:0.000180s ]
INFO: WriteHtmlCache Behavior ::run [ RunTime:0.000101s ]
INFO: ShowRuntime Behavior ::run [ RunTime:0.000183s ]
INFO: [ view_filter ] --END-- [ RunTime:0.000701s ]
INFO: [ view_end ] --START--
INFO: ShowPageTrace Behavior ::run [ RunTime:0.000267s ]
INFO: [ view_end ] --END-- [ RunTime:0.000291s ]

[ 2014-09-27T09:42:30+08:00 ] 0.0.0.0 /weshop/admin.php/Index/list
INFO: [ route_check ] --START--
INFO: CheckRoute Behavior ::run [ RunTime:0.000576s ]
INFO: [ route_check ] --END-- [ RunTime:0.000646s ]
INFO: [ app_begin ] --START--
INFO: ReadHtmlCache Behavior ::run [ RunTime:0.000280s ]
INFO: [ app_begin ] --END-- [ RunTime:0.000330s ]
NOTIC: [8] Constant THEME_NAME already defined /Users/apple/Documents/www/weshop/library/ThinkPHP/Lib/Core/View.class.php 第 223 行.
NOTIC: [8] Constant THEME_PATH already defined /Users/apple/Documents/www/weshop/library/ThinkPHP/Lib/Core/View.class.php 第 174 行.
NOTIC: [8] Constant APP_TMPL_PATH already defined /Users/apple/Documents/www/weshop/library/ThinkPHP/Lib/Core/View.class.php 第 175 行.
INFO: [ view_parse ] --START--
NOTIC: [8] Undefined variable: mark /Users/apple/Documents/www/weshop/application/admin/Runtime/Cache/a830ffcdb72d4a88f7afb392880d7873.php 第 83 行.
NOTIC: [8] Undefined variable: type /Users/apple/Documents/www/weshop/application/admin/Runtime/Cache/a830ffcdb72d4a88f7afb392880d7873.php 第 96 行.
NOTIC: [8] Undefined variable: commodity /Users/apple/Documents/www/weshop/application/admin/Runtime/Cache/a830ffcdb72d4a88f7afb392880d7873.php 第 109 行.
INFO: ParseTemplate Behavior ::run [ RunTime:0.015565s ]
INFO: [ view_parse ] --END-- [ RunTime:0.015617s ]
INFO: [ view_filter ] --START--
INFO: ContentReplace Behavior ::run [ RunTime:0.000335s ]
INFO: TokenBuild Behavior ::run [ RunTime:0.000348s ]
INFO: WriteHtmlCache Behavior ::run [ RunTime:0.000200s ]
INFO: ShowRuntime Behavior ::run [ RunTime:0.000358s ]
INFO: [ view_filter ] --END-- [ RunTime:0.001388s ]
INFO: [ view_end ] --START--
INFO: ShowPageTrace Behavior ::run [ RunTime:0.000514s ]
INFO: [ view_end ] --END-- [ RunTime:0.000572s ]

[ 2014-09-27T09:42:40+08:00 ] 0.0.0.0 /weshop/admin.php/Index/list
INFO: [ route_check ] --START--
INFO: CheckRoute Behavior ::run [ RunTime:0.000545s ]
INFO: [ route_check ] --END-- [ RunTime:0.000634s ]
INFO: [ app_begin ] --START--
INFO: ReadHtmlCache Behavior ::run [ RunTime:0.000298s ]
INFO: [ app_begin ] --END-- [ RunTime:0.000367s ]
NOTIC: [8] Constant THEME_NAME already defined /Users/apple/Documents/www/weshop/library/ThinkPHP/Lib/Core/View.class.php 第 223 行.
NOTIC: [8] Constant THEME_PATH already defined /Users/apple/Documents/www/weshop/library/ThinkPHP/Lib/Core/View.class.php 第 174 行.
NOTIC: [8] Constant APP_TMPL_PATH already defined /Users/apple/Documents/www/weshop/library/ThinkPHP/Lib/Core/View.class.php 第 175 行.
INFO: [ view_parse ] --START--
NOTIC: [8] Undefined variable: mark /Users/apple/Documents/www/weshop/application/admin/Runtime/Cache/a830ffcdb72d4a88f7afb392880d7873.php 第 83 行.
NOTIC: [8] Undefined variable: type /Users/apple/Documents/www/weshop/application/admin/Runtime/Cache/a830ffcdb72d4a88f7afb392880d7873.php 第 96 行.
NOTIC: [8] Undefined variable: commodity /Users/apple/Documents/www/weshop/application/admin/Runtime/Cache/a830ffcdb72d4a88f7afb392880d7873.php 第 109 行.
INFO: ParseTemplate Behavior ::run [ RunTime:0.011662s ]
INFO: [ view_parse ] --END-- [ RunTime:0.011738s ]
INFO: [ view_filter ] --START--
INFO: ContentReplace Behavior ::run [ RunTime:0.000319s ]
INFO: TokenBuild Behavior ::run [ RunTime:0.000248s ]
INFO: WriteHtmlCache Behavior ::run [ RunTime:0.000136s ]
INFO: ShowRuntime Behavior ::run [ RunTime:0.000383s ]
INFO: [ view_filter ] --END-- [ RunTime:0.001214s ]
INFO: [ view_end ] --START--
INFO: ShowPageTrace Behavior ::run [ RunTime:0.000413s ]
INFO: [ view_end ] --END-- [ RunTime:0.000444s ]

[ 2014-09-27T09:42:46+08:00 ] 0.0.0.0 /weshop/admin.php/Index/addGoods
INFO: [ route_check ] --START--
INFO: CheckRoute Behavior ::run [ RunTime:0.000507s ]
INFO: [ route_check ] --END-- [ RunTime:0.000559s ]
INFO: [ app_begin ] --START--
INFO: ReadHtmlCache Behavior ::run [ RunTime:0.000271s ]
INFO: [ app_begin ] --END-- [ RunTime:0.000310s ]
SQL: SHOW COLUMNS FROM `category` [ RunTime:0.018489s ]
SQL: SELECT * FROM `category`  [ RunTime:0.000424s ]
INFO: [ view_parse ] --START--
NOTIC: [8] Undefined variable: mark /Users/apple/Documents/www/weshop/application/admin/Runtime/Cache/58c8d58db9e3616868f688b1f1d91242.php 第 83 行.
INFO: ParseTemplate Behavior ::run [ RunTime:0.007208s ]
INFO: [ view_parse ] --END-- [ RunTime:0.007268s ]
INFO: [ view_filter ] --START--
INFO: ContentReplace Behavior ::run [ RunTime:0.000203s ]
INFO: TokenBuild Behavior ::run [ RunTime:0.000184s ]
INFO: WriteHtmlCache Behavior ::run [ RunTime:0.000100s ]
INFO: ShowRuntime Behavior ::run [ RunTime:0.000232s ]
INFO: [ view_filter ] --END-- [ RunTime:0.000804s ]
INFO: [ view_end ] --START--
INFO: ShowPageTrace Behavior ::run [ RunTime:0.000327s ]
INFO: [ view_end ] --END-- [ RunTime:0.000362s ]

[ 2014-09-27T09:43:03+08:00 ] 0.0.0.0 /weshop/admin.php/Index/upload
INFO: [ route_check ] --START--
INFO: CheckRoute Behavior ::run [ RunTime:0.001871s ]
INFO: [ route_check ] --END-- [ RunTime:0.001995s ]
INFO: [ app_begin ] --START--
INFO: ReadHtmlCache Behavior ::run [ RunTime:0.000421s ]
INFO: [ app_begin ] --END-- [ RunTime:0.000512s ]
SQL: SHOW COLUMNS FROM `goods` [ RunTime:0.019466s ]
SQL: INSERT INTO `goods` (`category_id`,`name`,`introduce`,`image`) VALUES (1,'枣糕','123','54261627c7863.jpg') [ RunTime:0.037754s ]

[ 2014-09-27T09:43:03+08:00 ] 0.0.0.0 /weshop/admin.php/Index/list
INFO: [ route_check ] --START--
INFO: CheckRoute Behavior ::run [ RunTime:0.000490s ]
INFO: [ route_check ] --END-- [ RunTime:0.000549s ]
INFO: [ app_begin ] --START--
INFO: ReadHtmlCache Behavior ::run [ RunTime:0.000257s ]
INFO: [ app_begin ] --END-- [ RunTime:0.000294s ]
NOTIC: [8] Constant THEME_NAME already defined /Users/apple/Documents/www/weshop/library/ThinkPHP/Lib/Core/View.class.php 第 223 行.
NOTIC: [8] Constant THEME_PATH already defined /Users/apple/Documents/www/weshop/library/ThinkPHP/Lib/Core/View.class.php 第 174 行.
NOTIC: [8] Constant APP_TMPL_PATH already defined /Users/apple/Documents/www/weshop/library/ThinkPHP/Lib/Core/View.class.php 第 175 行.
INFO: [ view_parse ] --START--
NOTIC: [8] Undefined variable: mark /Users/apple/Documents/www/weshop/application/admin/Runtime/Cache/a830ffcdb72d4a88f7afb392880d7873.php 第 83 行.
NOTIC: [8] Undefined variable: type /Users/apple/Documents/www/weshop/application/admin/Runtime/Cache/a830ffcdb72d4a88f7afb392880d7873.php 第 96 行.
NOTIC: [8] Undefined variable: commodity /Users/apple/Documents/www/weshop/application/admin/Runtime/Cache/a830ffcdb72d4a88f7afb392880d7873.php 第 109 行.
INFO: ParseTemplate Behavior ::run [ RunTime:0.007519s ]
INFO: [ view_parse ] --END-- [ RunTime:0.007565s ]
INFO: [ view_filter ] --START--
INFO: ContentReplace Behavior ::run [ RunTime:0.000345s ]
INFO: TokenBuild Behavior ::run [ RunTime:0.000352s ]
INFO: WriteHtmlCache Behavior ::run [ RunTime:0.000197s ]
INFO: ShowRuntime Behavior ::run [ RunTime:0.000376s ]
INFO: [ view_filter ] --END-- [ RunTime:0.001411s ]
INFO: [ view_end ] --START--
INFO: ShowPageTrace Behavior ::run [ RunTime:0.000436s ]
INFO: [ view_end ] --END-- [ RunTime:0.000480s ]

[ 2014-09-27T09:43:05+08:00 ] 0.0.0.0 /weshop/admin.php/Index/list
INFO: [ route_check ] --START--
INFO: CheckRoute Behavior ::run [ RunTime:0.000710s ]
INFO: [ route_check ] --END-- [ RunTime:0.000804s ]
INFO: [ app_begin ] --START--
INFO: ReadHtmlCache Behavior ::run [ RunTime:0.000444s ]
INFO: [ app_begin ] --END-- [ RunTime:0.000497s ]
NOTIC: [8] Constant THEME_NAME already defined /Users/apple/Documents/www/weshop/library/ThinkPHP/Lib/Core/View.class.php 第 223 行.
NOTIC: [8] Constant THEME_PATH already defined /Users/apple/Documents/www/weshop/library/ThinkPHP/Lib/Core/View.class.php 第 174 行.
NOTIC: [8] Constant APP_TMPL_PATH already defined /Users/apple/Documents/www/weshop/library/ThinkPHP/Lib/Core/View.class.php 第 175 行.
INFO: [ view_parse ] --START--
NOTIC: [8] Undefined variable: mark /Users/apple/Documents/www/weshop/application/admin/Runtime/Cache/a830ffcdb72d4a88f7afb392880d7873.php 第 83 行.
NOTIC: [8] Undefined variable: type /Users/apple/Documents/www/weshop/application/admin/Runtime/Cache/a830ffcdb72d4a88f7afb392880d7873.php 第 96 行.
NOTIC: [8] Undefined variable: commodity /Users/apple/Documents/www/weshop/application/admin/Runtime/Cache/a830ffcdb72d4a88f7afb392880d7873.php 第 109 行.
INFO: ParseTemplate Behavior ::run [ RunTime:0.017809s ]
INFO: [ view_parse ] --END-- [ RunTime:0.017848s ]
INFO: [ view_filter ] --START--
INFO: ContentReplace Behavior ::run [ RunTime:0.000246s ]
INFO: TokenBuild Behavior ::run [ RunTime:0.000266s ]
INFO: WriteHtmlCache Behavior ::run [ RunTime:0.000153s ]
INFO: ShowRuntime Behavior ::run [ RunTime:0.000243s ]
INFO: [ view_filter ] --END-- [ RunTime:0.001016s ]
INFO: [ view_end ] --START--
INFO: ShowPageTrace Behavior ::run [ RunTime:0.000355s ]
INFO: [ view_end ] --END-- [ RunTime:0.000388s ]

[ 2014-09-27T09:43:23+08:00 ] 0.0.0.0 /weshop/admin.php/Index/list
INFO: [ route_check ] --START--
INFO: CheckRoute Behavior ::run [ RunTime:0.000634s ]
INFO: [ route_check ] --END-- [ RunTime:0.000761s ]
INFO: [ app_begin ] --START--
INFO: ReadHtmlCache Behavior ::run [ RunTime:0.000410s ]
INFO: [ app_begin ] --END-- [ RunTime:0.002092s ]
NOTIC: [8] Constant THEME_NAME already defined /Users/apple/Documents/www/weshop/library/ThinkPHP/Lib/Core/View.class.php 第 223 行.
NOTIC: [8] Constant THEME_PATH already defined /Users/apple/Documents/www/weshop/library/ThinkPHP/Lib/Core/View.class.php 第 174 行.
NOTIC: [8] Constant APP_TMPL_PATH already defined /Users/apple/Documents/www/weshop/library/ThinkPHP/Lib/Core/View.class.php 第 175 行.
INFO: [ view_parse ] --START--
NOTIC: [8] Undefined variable: mark /Users/apple/Documents/www/weshop/application/admin/Runtime/Cache/a830ffcdb72d4a88f7afb392880d7873.php 第 83 行.
NOTIC: [8] Undefined variable: type /Users/apple/Documents/www/weshop/application/admin/Runtime/Cache/a830ffcdb72d4a88f7afb392880d7873.php 第 96 行.
NOTIC: [8] Undefined variable: commodity /Users/apple/Documents/www/weshop/application/admin/Runtime/Cache/a830ffcdb72d4a88f7afb392880d7873.php 第 109 行.
INFO: ParseTemplate Behavior ::run [ RunTime:0.010731s ]
INFO: [ view_parse ] --END-- [ RunTime:0.010794s ]
INFO: [ view_filter ] --START--
INFO: ContentReplace Behavior ::run [ RunTime:0.000244s ]
INFO: TokenBuild Behavior ::run [ RunTime:0.000219s ]
INFO: WriteHtmlCache Behavior ::run [ RunTime:0.000112s ]
INFO: ShowRuntime Behavior ::run [ RunTime:0.000264s ]
INFO: [ view_filter ] --END-- [ RunTime:0.000928s ]
INFO: [ view_end ] --START--
INFO: ShowPageTrace Behavior ::run [ RunTime:0.000342s ]
INFO: [ view_end ] --END-- [ RunTime:0.000381s ]

[ 2014-09-27T09:43:41+08:00 ] 0.0.0.0 /weshop/admin.php/Index/list
INFO: [ route_check ] --START--
INFO: CheckRoute Behavior ::run [ RunTime:0.000630s ]
INFO: [ route_check ] --END-- [ RunTime:0.000749s ]
INFO: [ app_begin ] --START--
INFO: ReadHtmlCache Behavior ::run [ RunTime:0.000397s ]
INFO: [ app_begin ] --END-- [ RunTime:0.000482s ]
NOTIC: [8] Constant THEME_NAME already defined /Users/apple/Documents/www/weshop/library/ThinkPHP/Lib/Core/View.class.php 第 223 行.
NOTIC: [8] Constant THEME_PATH already defined /Users/apple/Documents/www/weshop/library/ThinkPHP/Lib/Core/View.class.php 第 174 行.
NOTIC: [8] Constant APP_TMPL_PATH already defined /Users/apple/Documents/www/weshop/library/ThinkPHP/Lib/Core/View.class.php 第 175 行.
INFO: [ view_parse ] --START--
NOTIC: [8] Undefined variable: mark /Users/apple/Documents/www/weshop/application/admin/Runtime/Cache/a830ffcdb72d4a88f7afb392880d7873.php 第 83 行.
NOTIC: [8] Undefined variable: type /Users/apple/Documents/www/weshop/application/admin/Runtime/Cache/a830ffcdb72d4a88f7afb392880d7873.php 第 96 行.
NOTIC: [8] Undefined variable: commodity /Users/apple/Documents/www/weshop/application/admin/Runtime/Cache/a830ffcdb72d4a88f7afb392880d7873.php 第 109 行.
INFO: ParseTemplate Behavior ::run [ RunTime:0.010101s ]
INFO: [ view_parse ] --END-- [ RunTime:0.010150s ]
INFO: [ view_filter ] --START--
INFO: ContentReplace Behavior ::run [ RunTime:0.000225s ]
INFO: TokenBuild Behavior ::run [ RunTime:0.000203s ]
INFO: WriteHtmlCache Behavior ::run [ RunTime:0.000104s ]
INFO: ShowRuntime Behavior ::run [ RunTime:0.000262s ]
INFO: [ view_filter ] --END-- [ RunTime:0.000882s ]
INFO: [ view_end ] --START--
INFO: ShowPageTrace Behavior ::run [ RunTime:0.000328s ]
INFO: [ view_end ] --END-- [ RunTime:0.000364s ]

[ 2014-09-27T09:43:42+08:00 ] 0.0.0.0 /weshop/admin.php/Index/list
INFO: [ route_check ] --START--
INFO: CheckRoute Behavior ::run [ RunTime:0.000520s ]
INFO: [ route_check ] --END-- [ RunTime:0.000616s ]
INFO: [ app_begin ] --START--
INFO: ReadHtmlCache Behavior ::run [ RunTime:0.000257s ]
INFO: [ app_begin ] --END-- [ RunTime:0.000294s ]
NOTIC: [8] Constant THEME_NAME already defined /Users/apple/Documents/www/weshop/library/ThinkPHP/Lib/Core/View.class.php 第 223 行.
NOTIC: [8] Constant THEME_PATH already defined /Users/apple/Documents/www/weshop/library/ThinkPHP/Lib/Core/View.class.php 第 174 行.
NOTIC: [8] Constant APP_TMPL_PATH already defined /Users/apple/Documents/www/weshop/library/ThinkPHP/Lib/Core/View.class.php 第 175 行.
INFO: [ view_parse ] --START--
NOTIC: [8] Undefined variable: mark /Users/apple/Documents/www/weshop/application/admin/Runtime/Cache/a830ffcdb72d4a88f7afb392880d7873.php 第 83 行.
NOTIC: [8] Undefined variable: type /Users/apple/Documents/www/weshop/application/admin/Runtime/Cache/a830ffcdb72d4a88f7afb392880d7873.php 第 96 行.
NOTIC: [8] Undefined variable: commodity /Users/apple/Documents/www/weshop/application/admin/Runtime/Cache/a830ffcdb72d4a88f7afb392880d7873.php 第 109 行.
INFO: ParseTemplate Behavior ::run [ RunTime:0.021413s ]
INFO: [ view_parse ] --END-- [ RunTime:0.021449s ]
INFO: [ view_filter ] --START--
INFO: ContentReplace Behavior ::run [ RunTime:0.000234s ]
INFO: TokenBuild Behavior ::run [ RunTime:0.000240s ]
INFO: WriteHtmlCache Behavior ::run [ RunTime:0.000136s ]
INFO: ShowRuntime Behavior ::run [ RunTime:0.000240s ]
INFO: [ view_filter ] --END-- [ RunTime:0.000951s ]
INFO: [ view_end ] --START--
INFO: ShowPageTrace Behavior ::run [ RunTime:0.000355s ]
INFO: [ view_end ] --END-- [ RunTime:0.000390s ]

[ 2014-09-27T09:43:52+08:00 ] 0.0.0.0 /weshop/admin.php/Index/list
INFO: [ route_check ] --START--
INFO: CheckRoute Behavior ::run [ RunTime:0.000616s ]
INFO: [ route_check ] --END-- [ RunTime:0.000749s ]
INFO: [ app_begin ] --START--
INFO: ReadHtmlCache Behavior ::run [ RunTime:0.000359s ]
INFO: [ app_begin ] --END-- [ RunTime:0.000436s ]
NOTIC: [8] Constant THEME_NAME already defined /Users/apple/Documents/www/weshop/library/ThinkPHP/Lib/Core/View.class.php 第 223 行.
NOTIC: [8] Constant THEME_PATH already defined /Users/apple/Documents/www/weshop/library/ThinkPHP/Lib/Core/View.class.php 第 174 行.
NOTIC: [8] Constant APP_TMPL_PATH already defined /Users/apple/Documents/www/weshop/library/ThinkPHP/Lib/Core/View.class.php 第 175 行.
INFO: [ view_parse ] --START--
NOTIC: [8] Undefined variable: mark /Users/apple/Documents/www/weshop/application/admin/Runtime/Cache/a830ffcdb72d4a88f7afb392880d7873.php 第 83 行.
NOTIC: [8] Undefined variable: type /Users/apple/Documents/www/weshop/application/admin/Runtime/Cache/a830ffcdb72d4a88f7afb392880d7873.php 第 96 行.
NOTIC: [8] Undefined variable: commodity /Users/apple/Documents/www/weshop/application/admin/Runtime/Cache/a830ffcdb72d4a88f7afb392880d7873.php 第 109 行.
INFO: ParseTemplate Behavior ::run [ RunTime:0.018349s ]
INFO: [ view_parse ] --END-- [ RunTime:0.018408s ]
INFO: [ view_filter ] --START--
INFO: ContentReplace Behavior ::run [ RunTime:0.000334s ]
INFO: TokenBuild Behavior ::run [ RunTime:0.000304s ]
INFO: WriteHtmlCache Behavior ::run [ RunTime:0.000154s ]
INFO: ShowRuntime Behavior ::run [ RunTime:0.000401s ]
INFO: [ view_filter ] --END-- [ RunTime:0.001323s ]
INFO: [ view_end ] --START--
INFO: ShowPageTrace Behavior ::run [ RunTime:0.000440s ]
INFO: [ view_end ] --END-- [ RunTime:0.000489s ]

[ 2014-09-27T09:43:53+08:00 ] 0.0.0.0 /weshop/admin.php/Index/list
INFO: [ route_check ] --START--
INFO: CheckRoute Behavior ::run [ RunTime:0.000348s ]
INFO: [ route_check ] --END-- [ RunTime:0.000397s ]
INFO: [ app_begin ] --START--
INFO: ReadHtmlCache Behavior ::run [ RunTime:0.000219s ]
INFO: [ app_begin ] --END-- [ RunTime:0.000252s ]
NOTIC: [8] Constant THEME_NAME already defined /Users/apple/Documents/www/weshop/library/ThinkPHP/Lib/Core/View.class.php 第 223 行.
NOTIC: [8] Constant THEME_PATH already defined /Users/apple/Documents/www/weshop/library/ThinkPHP/Lib/Core/View.class.php 第 174 行.
NOTIC: [8] Constant APP_TMPL_PATH already defined /Users/apple/Documents/www/weshop/library/ThinkPHP/Lib/Core/View.class.php 第 175 行.
INFO: [ view_parse ] --START--
NOTIC: [8] Undefined variable: mark /Users/apple/Documents/www/weshop/application/admin/Runtime/Cache/a830ffcdb72d4a88f7afb392880d7873.php 第 83 行.
NOTIC: [8] Undefined variable: type /Users/apple/Documents/www/weshop/application/admin/Runtime/Cache/a830ffcdb72d4a88f7afb392880d7873.php 第 96 行.
NOTIC: [8] Undefined variable: commodity /Users/apple/Documents/www/weshop/application/admin/Runtime/Cache/a830ffcdb72d4a88f7afb392880d7873.php 第 109 行.
INFO: ParseTemplate Behavior ::run [ RunTime:0.013682s ]
INFO: [ view_parse ] --END-- [ RunTime:0.013731s ]
INFO: [ view_filter ] --START--
INFO: ContentReplace Behavior ::run [ RunTime:0.000328s ]
INFO: TokenBuild Behavior ::run [ RunTime:0.000401s ]
INFO: WriteHtmlCache Behavior ::run [ RunTime:0.000201s ]
INFO: ShowRuntime Behavior ::run [ RunTime:0.000337s ]
INFO: [ view_filter ] --END-- [ RunTime:0.001424s ]
INFO: [ view_end ] --START--
INFO: ShowPageTrace Behavior ::run [ RunTime:0.000498s ]
INFO: [ view_end ] --END-- [ RunTime:0.000547s ]

[ 2014-09-27T09:43:54+08:00 ] 0.0.0.0 /weshop/admin.php/Index/list
INFO: [ route_check ] --START--
INFO: CheckRoute Behavior ::run [ RunTime:0.000571s ]
INFO: [ route_check ] --END-- [ RunTime:0.000633s ]
INFO: [ app_begin ] --START--
INFO: ReadHtmlCache Behavior ::run [ RunTime:0.000231s ]
INFO: [ app_begin ] --END-- [ RunTime:0.000311s ]
NOTIC: [8] Constant THEME_NAME already defined /Users/apple/Documents/www/weshop/library/ThinkPHP/Lib/Core/View.class.php 第 223 行.
NOTIC: [8] Constant THEME_PATH already defined /Users/apple/Documents/www/weshop/library/ThinkPHP/Lib/Core/View.class.php 第 174 行.
NOTIC: [8] Constant APP_TMPL_PATH already defined /Users/apple/Documents/www/weshop/library/ThinkPHP/Lib/Core/View.class.php 第 175 行.
INFO: [ view_parse ] --START--
NOTIC: [8] Undefined variable: mark /Users/apple/Documents/www/weshop/application/admin/Runtime/Cache/a830ffcdb72d4a88f7afb392880d7873.php 第 83 行.
NOTIC: [8] Undefined variable: type /Users/apple/Documents/www/weshop/application/admin/Runtime/Cache/a830ffcdb72d4a88f7afb392880d7873.php 第 96 行.
NOTIC: [8] Undefined variable: commodity /Users/apple/Documents/www/weshop/application/admin/Runtime/Cache/a830ffcdb72d4a88f7afb392880d7873.php 第 109 行.
INFO: ParseTemplate Behavior ::run [ RunTime:0.013975s ]
INFO: [ view_parse ] --END-- [ RunTime:0.014025s ]
INFO: [ view_filter ] --START--
INFO: ContentReplace Behavior ::run [ RunTime:0.000328s ]
INFO: TokenBuild Behavior ::run [ RunTime:0.000340s ]
INFO: WriteHtmlCache Behavior ::run [ RunTime:0.000186s ]
INFO: ShowRuntime Behavior ::run [ RunTime:0.000353s ]
INFO: [ view_filter ] --END-- [ RunTime:0.001362s ]
INFO: [ view_end ] --START--
INFO: ShowPageTrace Behavior ::run [ RunTime:0.000502s ]
INFO: [ view_end ] --END-- [ RunTime:0.000552s ]

[ 2014-09-27T09:43:54+08:00 ] 0.0.0.0 /weshop/admin.php/Index/list
INFO: [ route_check ] --START--
INFO: CheckRoute Behavior ::run [ RunTime:0.000347s ]
INFO: [ route_check ] --END-- [ RunTime:0.000396s ]
INFO: [ app_begin ] --START--
INFO: ReadHtmlCache Behavior ::run [ RunTime:0.000259s ]
INFO: [ app_begin ] --END-- [ RunTime:0.000296s ]
NOTIC: [8] Constant THEME_NAME already defined /Users/apple/Documents/www/weshop/library/ThinkPHP/Lib/Core/View.class.php 第 223 行.
NOTIC: [8] Constant THEME_PATH already defined /Users/apple/Documents/www/weshop/library/ThinkPHP/Lib/Core/View.class.php 第 174 行.
NOTIC: [8] Constant APP_TMPL_PATH already defined /Users/apple/Documents/www/weshop/library/ThinkPHP/Lib/Core/View.class.php 第 175 行.
INFO: [ view_parse ] --START--
NOTIC: [8] Undefined variable: mark /Users/apple/Documents/www/weshop/application/admin/Runtime/Cache/a830ffcdb72d4a88f7afb392880d7873.php 第 83 行.
NOTIC: [8] Undefined variable: type /Users/apple/Documents/www/weshop/application/admin/Runtime/Cache/a830ffcdb72d4a88f7afb392880d7873.php 第 96 行.
NOTIC: [8] Undefined variable: commodity /Users/apple/Documents/www/weshop/application/admin/Runtime/Cache/a830ffcdb72d4a88f7afb392880d7873.php 第 109 行.
INFO: ParseTemplate Behavior ::run [ RunTime:0.014187s ]
INFO: [ view_parse ] --END-- [ RunTime:0.014252s ]
INFO: [ view_filter ] --START--
INFO: ContentReplace Behavior ::run [ RunTime:0.000325s ]
INFO: TokenBuild Behavior ::run [ RunTime:0.000340s ]
INFO: WriteHtmlCache Behavior ::run [ RunTime:0.000183s ]
INFO: ShowRuntime Behavior ::run [ RunTime:0.000264s ]
INFO: [ view_filter ] --END-- [ RunTime:0.001248s ]
INFO: [ view_end ] --START--
INFO: ShowPageTrace Behavior ::run [ RunTime:0.000635s ]
INFO: [ view_end ] --END-- [ RunTime:0.000679s ]

[ 2014-09-27T09:43:56+08:00 ] 0.0.0.0 /weshop/admin.php/Index/index
INFO: [ route_check ] --START--
INFO: CheckRoute Behavior ::run [ RunTime:0.000693s ]
INFO: [ route_check ] --END-- [ RunTime:0.000766s ]
INFO: [ app_begin ] --START--
INFO: ReadHtmlCache Behavior ::run [ RunTime:0.000482s ]
INFO: [ app_begin ] --END-- [ RunTime:0.000529s ]
INFO: [ view_parse ] --START--
INFO: ParseTemplate Behavior ::run [ RunTime:0.013836s ]
INFO: [ view_parse ] --END-- [ RunTime:0.013941s ]
INFO: [ view_filter ] --START--
INFO: ContentReplace Behavior ::run [ RunTime:0.000489s ]
INFO: TokenBuild Behavior ::run [ RunTime:0.000555s ]
INFO: WriteHtmlCache Behavior ::run [ RunTime:0.000348s ]
INFO: ShowRuntime Behavior ::run [ RunTime:0.000351s ]
INFO: [ view_filter ] --END-- [ RunTime:0.001987s ]
INFO: [ view_end ] --START--
INFO: ShowPageTrace Behavior ::run [ RunTime:0.000648s ]
INFO: [ view_end ] --END-- [ RunTime:0.000737s ]

[ 2014-09-27T09:45:01+08:00 ] 0.0.0.0 /weshop/admin.php/Index/index
INFO: [ route_check ] --START--
INFO: CheckRoute Behavior ::run [ RunTime:0.000884s ]
INFO: [ route_check ] --END-- [ RunTime:0.000971s ]
INFO: [ app_begin ] --START--
INFO: ReadHtmlCache Behavior ::run [ RunTime:0.000513s ]
INFO: [ app_begin ] --END-- [ RunTime:0.000583s ]
INFO: [ view_parse ] --START--
INFO: ParseTemplate Behavior ::run [ RunTime:0.007137s ]
INFO: [ view_parse ] --END-- [ RunTime:0.007202s ]
INFO: [ view_filter ] --START--
INFO: ContentReplace Behavior ::run [ RunTime:0.000173s ]
INFO: TokenBuild Behavior ::run [ RunTime:0.000188s ]
INFO: WriteHtmlCache Behavior ::run [ RunTime:0.000100s ]
INFO: ShowRuntime Behavior ::run [ RunTime:0.000197s ]
INFO: [ view_filter ] --END-- [ RunTime:0.000735s ]
INFO: [ view_end ] --START--
INFO: ShowPageTrace Behavior ::run [ RunTime:0.000475s ]
INFO: [ view_end ] --END-- [ RunTime:0.000530s ]

[ 2014-09-27T09:45:05+08:00 ] 0.0.0.0 /weshop/admin.php/Index/out
INFO: [ route_check ] --START--
INFO: CheckRoute Behavior ::run [ RunTime:0.000380s ]
INFO: [ route_check ] --END-- [ RunTime:0.000432s ]
INFO: [ app_begin ] --START--
INFO: ReadHtmlCache Behavior ::run [ RunTime:0.000250s ]
INFO: [ app_begin ] --END-- [ RunTime:0.000287s ]

[ 2014-09-27T09:45:06+08:00 ] 0.0.0.0 /weshop/admin.php/Index
INFO: [ route_check ] --START--
INFO: CheckRoute Behavior ::run [ RunTime:0.000415s ]
INFO: [ route_check ] --END-- [ RunTime:0.000471s ]
INFO: [ app_begin ] --START--
INFO: ReadHtmlCache Behavior ::run [ RunTime:0.000437s ]
INFO: [ app_begin ] --END-- [ RunTime:0.000493s ]
INFO: [ view_parse ] --START--
INFO: ParseTemplate Behavior ::run [ RunTime:0.004135s ]
INFO: [ view_parse ] --END-- [ RunTime:0.004201s ]
INFO: [ view_filter ] --START--
INFO: ContentReplace Behavior ::run [ RunTime:0.000202s ]
INFO: TokenBuild Behavior ::run [ RunTime:0.000203s ]
INFO: WriteHtmlCache Behavior ::run [ RunTime:0.000113s ]
INFO: ShowRuntime Behavior ::run [ RunTime:0.000203s ]
INFO: [ view_filter ] --END-- [ RunTime:0.000804s ]
INFO: [ view_end ] --START--
INFO: ShowPageTrace Behavior ::run [ RunTime:0.000301s ]
INFO: [ view_end ] --END-- [ RunTime:0.000331s ]

[ 2014-09-27T09:45:14+08:00 ] 0.0.0.0 /weshop/admin.php/Index/sign
INFO: [ route_check ] --START--
INFO: CheckRoute Behavior ::run [ RunTime:0.000558s ]
INFO: [ route_check ] --END-- [ RunTime:0.000656s ]
INFO: [ app_begin ] --START--
INFO: ReadHtmlCache Behavior ::run [ RunTime:0.000376s ]
INFO: [ app_begin ] --END-- [ RunTime:0.000449s ]
SQL: SHOW COLUMNS FROM `users` [ RunTime:0.019517s ]
SQL: SELECT * FROM `users` WHERE ( phone=15692383272 ) LIMIT 1   [ RunTime:0.000510s ]

[ 2014-09-27T09:45:14+08:00 ] 0.0.0.0 /weshop/admin.php/Index/index
INFO: [ route_check ] --START--
INFO: CheckRoute Behavior ::run [ RunTime:0.000399s ]
INFO: [ route_check ] --END-- [ RunTime:0.000455s ]
INFO: [ app_begin ] --START--
INFO: ReadHtmlCache Behavior ::run [ RunTime:0.000290s ]
INFO: [ app_begin ] --END-- [ RunTime:0.000329s ]
INFO: [ view_parse ] --START--
INFO: ParseTemplate Behavior ::run [ RunTime:0.007959s ]
INFO: [ view_parse ] --END-- [ RunTime:0.008027s ]
INFO: [ view_filter ] --START--
INFO: ContentReplace Behavior ::run [ RunTime:0.000343s ]
INFO: TokenBuild Behavior ::run [ RunTime:0.000391s ]
INFO: WriteHtmlCache Behavior ::run [ RunTime:0.000154s ]
INFO: ShowRuntime Behavior ::run [ RunTime:0.000291s ]
INFO: [ view_filter ] --END-- [ RunTime:0.001311s ]
INFO: [ view_end ] --START--
INFO: ShowPageTrace Behavior ::run [ RunTime:0.000542s ]
INFO: [ view_end ] --END-- [ RunTime:0.000612s ]

[ 2014-09-27T09:45:34+08:00 ] 0.0.0.0 /weshop/admin.php/Index/list
INFO: [ route_check ] --START--
INFO: CheckRoute Behavior ::run [ RunTime:0.000430s ]
INFO: [ route_check ] --END-- [ RunTime:0.000485s ]
INFO: [ app_begin ] --START--
INFO: ReadHtmlCache Behavior ::run [ RunTime:0.000306s ]
INFO: [ app_begin ] --END-- [ RunTime:0.000354s ]
NOTIC: [8] Constant THEME_NAME already defined /Users/apple/Documents/www/weshop/library/ThinkPHP/Lib/Core/View.class.php 第 223 行.
NOTIC: [8] Constant THEME_PATH already defined /Users/apple/Documents/www/weshop/library/ThinkPHP/Lib/Core/View.class.php 第 174 行.
NOTIC: [8] Constant APP_TMPL_PATH already defined /Users/apple/Documents/www/weshop/library/ThinkPHP/Lib/Core/View.class.php 第 175 行.
INFO: [ view_parse ] --START--
NOTIC: [8] Undefined variable: mark /Users/apple/Documents/www/weshop/application/admin/Runtime/Cache/a830ffcdb72d4a88f7afb392880d7873.php 第 83 行.
NOTIC: [8] Undefined variable: type /Users/apple/Documents/www/weshop/application/admin/Runtime/Cache/a830ffcdb72d4a88f7afb392880d7873.php 第 96 行.
NOTIC: [8] Undefined variable: commodity /Users/apple/Documents/www/weshop/application/admin/Runtime/Cache/a830ffcdb72d4a88f7afb392880d7873.php 第 109 行.
INFO: ParseTemplate Behavior ::run [ RunTime:0.010181s ]
INFO: [ view_parse ] --END-- [ RunTime:0.010239s ]
INFO: [ view_filter ] --START--
INFO: ContentReplace Behavior ::run [ RunTime:0.000307s ]
INFO: TokenBuild Behavior ::run [ RunTime:0.000365s ]
INFO: WriteHtmlCache Behavior ::run [ RunTime:0.000173s ]
INFO: ShowRuntime Behavior ::run [ RunTime:0.000262s ]
INFO: [ view_filter ] --END-- [ RunTime:0.001242s ]
INFO: [ view_end ] --START--
INFO: ShowPageTrace Behavior ::run [ RunTime:0.000363s ]
INFO: [ view_end ] --END-- [ RunTime:0.000398s ]

[ 2014-09-27T09:45:45+08:00 ] 0.0.0.0 /weshop/admin.php/Index/list
INFO: [ route_check ] --START--
INFO: CheckRoute Behavior ::run [ RunTime:0.000343s ]
INFO: [ route_check ] --END-- [ RunTime:0.000386s ]
INFO: [ app_begin ] --START--
INFO: ReadHtmlCache Behavior ::run [ RunTime:0.000228s ]
INFO: [ app_begin ] --END-- [ RunTime:0.000262s ]
NOTIC: [8] Constant THEME_NAME already defined /Users/apple/Documents/www/weshop/library/ThinkPHP/Lib/Core/View.class.php 第 223 行.
NOTIC: [8] Constant THEME_PATH already defined /Users/apple/Documents/www/weshop/library/ThinkPHP/Lib/Core/View.class.php 第 174 行.
NOTIC: [8] Constant APP_TMPL_PATH already defined /Users/apple/Documents/www/weshop/library/ThinkPHP/Lib/Core/View.class.php 第 175 行.
INFO: [ view_parse ] --START--
NOTIC: [8] Undefined variable: mark /Users/apple/Documents/www/weshop/application/admin/Runtime/Cache/a830ffcdb72d4a88f7afb392880d7873.php 第 83 行.
NOTIC: [8] Undefined variable: type /Users/apple/Documents/www/weshop/application/admin/Runtime/Cache/a830ffcdb72d4a88f7afb392880d7873.php 第 96 行.
NOTIC: [8] Undefined variable: commodity /Users/apple/Documents/www/weshop/application/admin/Runtime/Cache/a830ffcdb72d4a88f7afb392880d7873.php 第 109 行.
INFO: ParseTemplate Behavior ::run [ RunTime:0.013679s ]
INFO: [ view_parse ] --END-- [ RunTime:0.013729s ]
INFO: [ view_filter ] --START--
INFO: ContentReplace Behavior ::run [ RunTime:0.000346s ]
INFO: TokenBuild Behavior ::run [ RunTime:0.000362s ]
INFO: WriteHtmlCache Behavior ::run [ RunTime:0.000203s ]
INFO: ShowRuntime Behavior ::run [ RunTime:0.000358s ]
INFO: [ view_filter ] --END-- [ RunTime:0.001415s ]
INFO: [ view_end ] --START--
INFO: ShowPageTrace Behavior ::run [ RunTime:0.000518s ]
INFO: [ view_end ] --END-- [ RunTime:0.000569s ]

[ 2014-09-27T09:45:47+08:00 ] 0.0.0.0 /weshop/admin.php/Index/addGoods
INFO: [ route_check ] --START--
INFO: CheckRoute Behavior ::run [ RunTime:0.000339s ]
INFO: [ route_check ] --END-- [ RunTime:0.000386s ]
INFO: [ app_begin ] --START--
INFO: ReadHtmlCache Behavior ::run [ RunTime:0.000226s ]
INFO: [ app_begin ] --END-- [ RunTime:0.000258s ]
SQL: SHOW COLUMNS FROM `category` [ RunTime:0.009560s ]
SQL: SELECT * FROM `category`  [ RunTime:0.000285s ]
INFO: [ view_parse ] --START--
NOTIC: [8] Undefined variable: mark /Users/apple/Documents/www/weshop/application/admin/Runtime/Cache/58c8d58db9e3616868f688b1f1d91242.php 第 83 行.
INFO: ParseTemplate Behavior ::run [ RunTime:0.012415s ]
INFO: [ view_parse ] --END-- [ RunTime:0.012464s ]
INFO: [ view_filter ] --START--
INFO: ContentReplace Behavior ::run [ RunTime:0.000291s ]
INFO: TokenBuild Behavior ::run [ RunTime:0.000253s ]
INFO: WriteHtmlCache Behavior ::run [ RunTime:0.000137s ]
INFO: ShowRuntime Behavior ::run [ RunTime:0.001825s ]
INFO: [ view_filter ] --END-- [ RunTime:0.002710s ]
INFO: [ view_end ] --START--
INFO: ShowPageTrace Behavior ::run [ RunTime:0.000852s ]
INFO: [ view_end ] --END-- [ RunTime:0.000986s ]

[ 2014-09-27T09:45:50+08:00 ] 0.0.0.0 /weshop/admin.php/Index/manageType
INFO: [ route_check ] --START--
INFO: CheckRoute Behavior ::run [ RunTime:0.000411s ]
INFO: [ route_check ] --END-- [ RunTime:0.000466s ]
INFO: [ app_begin ] --START--
INFO: ReadHtmlCache Behavior ::run [ RunTime:0.000375s ]
INFO: [ app_begin ] --END-- [ RunTime:0.000415s ]
SQL: SHOW COLUMNS FROM `category` [ RunTime:0.010116s ]
SQL: SELECT * FROM `category`  [ RunTime:0.000378s ]
INFO: [ view_parse ] --START--
INFO: ParseTemplate Behavior ::run [ RunTime:0.007351s ]
INFO: [ view_parse ] --END-- [ RunTime:0.007426s ]
INFO: [ view_filter ] --START--
INFO: ContentReplace Behavior ::run [ RunTime:0.000196s ]
INFO: TokenBuild Behavior ::run [ RunTime:0.000186s ]
INFO: WriteHtmlCache Behavior ::run [ RunTime:0.000100s ]
INFO: ShowRuntime Behavior ::run [ RunTime:0.000201s ]
INFO: [ view_filter ] --END-- [ RunTime:0.000758s ]
INFO: [ view_end ] --START--
INFO: ShowPageTrace Behavior ::run [ RunTime:0.000271s ]
INFO: [ view_end ] --END-- [ RunTime:0.000307s ]

[ 2014-09-27T09:45:54+08:00 ] 0.0.0.0 /weshop/admin.php/Index/index
INFO: [ route_check ] --START--
INFO: CheckRoute Behavior ::run [ RunTime:0.000376s ]
INFO: [ route_check ] --END-- [ RunTime:0.000426s ]
INFO: [ app_begin ] --START--
INFO: ReadHtmlCache Behavior ::run [ RunTime:0.000226s ]
INFO: [ app_begin ] --END-- [ RunTime:0.000260s ]
INFO: [ view_parse ] --START--
INFO: ParseTemplate Behavior ::run [ RunTime:0.013680s ]
INFO: [ view_parse ] --END-- [ RunTime:0.013759s ]
INFO: [ view_filter ] --START--
INFO: ContentReplace Behavior ::run [ RunTime:0.000355s ]
INFO: TokenBuild Behavior ::run [ RunTime:0.000368s ]
INFO: WriteHtmlCache Behavior ::run [ RunTime:0.000196s ]
INFO: ShowRuntime Behavior ::run [ RunTime:0.000360s ]
INFO: [ view_filter ] --END-- [ RunTime:0.001436s ]
INFO: [ view_end ] --START--
INFO: ShowPageTrace Behavior ::run [ RunTime:0.000720s ]
INFO: [ view_end ] --END-- [ RunTime:0.000865s ]

[ 2014-09-27T09:45:57+08:00 ] 0.0.0.0 /weshop/admin.php/Index/list
INFO: [ route_check ] --START--
INFO: CheckRoute Behavior ::run [ RunTime:0.000386s ]
INFO: [ route_check ] --END-- [ RunTime:0.000438s ]
INFO: [ app_begin ] --START--
INFO: ReadHtmlCache Behavior ::run [ RunTime:0.000228s ]
INFO: [ app_begin ] --END-- [ RunTime:0.000262s ]
NOTIC: [8] Constant THEME_NAME already defined /Users/apple/Documents/www/weshop/library/ThinkPHP/Lib/Core/View.class.php 第 223 行.
NOTIC: [8] Constant THEME_PATH already defined /Users/apple/Documents/www/weshop/library/ThinkPHP/Lib/Core/View.class.php 第 174 行.
NOTIC: [8] Constant APP_TMPL_PATH already defined /Users/apple/Documents/www/weshop/library/ThinkPHP/Lib/Core/View.class.php 第 175 行.
INFO: [ view_parse ] --START--
NOTIC: [8] Undefined variable: mark /Users/apple/Documents/www/weshop/application/admin/Runtime/Cache/a830ffcdb72d4a88f7afb392880d7873.php 第 83 行.
NOTIC: [8] Undefined variable: type /Users/apple/Documents/www/weshop/application/admin/Runtime/Cache/a830ffcdb72d4a88f7afb392880d7873.php 第 96 行.
NOTIC: [8] Undefined variable: commodity /Users/apple/Documents/www/weshop/application/admin/Runtime/Cache/a830ffcdb72d4a88f7afb392880d7873.php 第 109 行.
INFO: ParseTemplate Behavior ::run [ RunTime:0.013804s ]
INFO: [ view_parse ] --END-- [ RunTime:0.013894s ]
INFO: [ view_filter ] --START--
INFO: ContentReplace Behavior ::run [ RunTime:0.000501s ]
INFO: TokenBuild Behavior ::run [ RunTime:0.000542s ]
INFO: WriteHtmlCache Behavior ::run [ RunTime:0.000216s ]
INFO: ShowRuntime Behavior ::run [ RunTime:0.000690s ]
INFO: [ view_filter ] --END-- [ RunTime:0.002164s ]
INFO: [ view_end ] --START--
INFO: ShowPageTrace Behavior ::run [ RunTime:0.000533s ]
INFO: [ view_end ] --END-- [ RunTime:0.000587s ]

[ 2014-09-27T09:48:00+08:00 ] 0.0.0.0 /weshop/admin.php/Index/list
INFO: [ route_check ] --START--
INFO: CheckRoute Behavior ::run [ RunTime:0.000359s ]
INFO: [ route_check ] --END-- [ RunTime:0.000408s ]
INFO: [ app_begin ] --START--
INFO: ReadHtmlCache Behavior ::run [ RunTime:0.000236s ]
INFO: [ app_begin ] --END-- [ RunTime:0.000269s ]
NOTIC: [8] Constant THEME_NAME already defined /Users/apple/Documents/www/weshop/library/ThinkPHP/Lib/Core/View.class.php 第 223 行.
NOTIC: [8] Constant THEME_PATH already defined /Users/apple/Documents/www/weshop/library/ThinkPHP/Lib/Core/View.class.php 第 174 行.
NOTIC: [8] Constant APP_TMPL_PATH already defined /Users/apple/Documents/www/weshop/library/ThinkPHP/Lib/Core/View.class.php 第 175 行.
INFO: [ view_parse ] --START--
NOTIC: [8] Undefined variable: mark /Users/apple/Documents/www/weshop/application/admin/Runtime/Cache/a830ffcdb72d4a88f7afb392880d7873.php 第 83 行.
NOTIC: [8] Undefined variable: type /Users/apple/Documents/www/weshop/application/admin/Runtime/Cache/a830ffcdb72d4a88f7afb392880d7873.php 第 96 行.
NOTIC: [8] Undefined variable: count /Users/apple/Documents/www/weshop/application/admin/Runtime/Cache/a830ffcdb72d4a88f7afb392880d7873.php 第 102 行.
NOTIC: [8] Undefined variable: commodity /Users/apple/Documents/www/weshop/application/admin/Runtime/Cache/a830ffcdb72d4a88f7afb392880d7873.php 第 109 行.
INFO: ParseTemplate Behavior ::run [ RunTime:0.014196s ]
INFO: [ view_parse ] --END-- [ RunTime:0.014248s ]
INFO: [ view_filter ] --START--
INFO: ContentReplace Behavior ::run [ RunTime:0.000367s ]
INFO: TokenBuild Behavior ::run [ RunTime:0.000375s ]
INFO: WriteHtmlCache Behavior ::run [ RunTime:0.000219s ]
INFO: ShowRuntime Behavior ::run [ RunTime:0.000367s ]
INFO: [ view_filter ] --END-- [ RunTime:0.001477s ]
INFO: [ view_end ] --START--
INFO: ShowPageTrace Behavior ::run [ RunTime:0.000563s ]
INFO: [ view_end ] --END-- [ RunTime:0.000615s ]

[ 2014-09-27T09:48:02+08:00 ] 0.0.0.0 /weshop/admin.php/Index/list
INFO: [ route_check ] --START--
INFO: CheckRoute Behavior ::run [ RunTime:0.000386s ]
INFO: [ route_check ] --END-- [ RunTime:0.000435s ]
INFO: [ app_begin ] --START--
INFO: ReadHtmlCache Behavior ::run [ RunTime:0.000238s ]
INFO: [ app_begin ] --END-- [ RunTime:0.000288s ]
NOTIC: [8] Constant THEME_NAME already defined /Users/apple/Documents/www/weshop/library/ThinkPHP/Lib/Core/View.class.php 第 223 行.
NOTIC: [8] Constant THEME_PATH already defined /Users/apple/Documents/www/weshop/library/ThinkPHP/Lib/Core/View.class.php 第 174 行.
NOTIC: [8] Constant APP_TMPL_PATH already defined /Users/apple/Documents/www/weshop/library/ThinkPHP/Lib/Core/View.class.php 第 175 行.
INFO: [ view_parse ] --START--
NOTIC: [8] Undefined variable: mark /Users/apple/Documents/www/weshop/application/admin/Runtime/Cache/a830ffcdb72d4a88f7afb392880d7873.php 第 83 行.
NOTIC: [8] Undefined variable: type /Users/apple/Documents/www/weshop/application/admin/Runtime/Cache/a830ffcdb72d4a88f7afb392880d7873.php 第 96 行.
NOTIC: [8] Undefined variable: count /Users/apple/Documents/www/weshop/application/admin/Runtime/Cache/a830ffcdb72d4a88f7afb392880d7873.php 第 102 行.
NOTIC: [8] Undefined variable: commodity /Users/apple/Documents/www/weshop/application/admin/Runtime/Cache/a830ffcdb72d4a88f7afb392880d7873.php 第 109 行.
INFO: ParseTemplate Behavior ::run [ RunTime:0.014110s ]
INFO: [ view_parse ] --END-- [ RunTime:0.014159s ]
INFO: [ view_filter ] --START--
INFO: ContentReplace Behavior ::run [ RunTime:0.000331s ]
INFO: TokenBuild Behavior ::run [ RunTime:0.000349s ]
INFO: WriteHtmlCache Behavior ::run [ RunTime:0.000191s ]
INFO: ShowRuntime Behavior ::run [ RunTime:0.000342s ]
INFO: [ view_filter ] --END-- [ RunTime:0.001356s ]
INFO: [ view_end ] --START--
INFO: ShowPageTrace Behavior ::run [ RunTime:0.000520s ]
INFO: [ view_end ] --END-- [ RunTime:0.000584s ]

[ 2014-09-27T09:48:46+08:00 ] 0.0.0.0 /weshop/admin.php/Index/list
INFO: [ route_check ] --START--
INFO: CheckRoute Behavior ::run [ RunTime:0.000571s ]
INFO: [ route_check ] --END-- [ RunTime:0.000663s ]
INFO: [ app_begin ] --START--
INFO: ReadHtmlCache Behavior ::run [ RunTime:0.000291s ]
INFO: [ app_begin ] --END-- [ RunTime:0.000356s ]

[ 2014-09-27T09:48:53+08:00 ] 0.0.0.0 /weshop/admin.php/Index/listAction
INFO: [ route_check ] --START--
INFO: CheckRoute Behavior ::run [ RunTime:0.000575s ]
INFO: [ route_check ] --END-- [ RunTime:0.000673s ]
INFO: [ app_begin ] --START--
INFO: ReadHtmlCache Behavior ::run [ RunTime:0.000532s ]
INFO: [ app_begin ] --END-- [ RunTime:0.000618s ]
SQL: SHOW COLUMNS FROM `goods` [ RunTime:0.008880s ]
NOTIC: [8] Undefined index: method /Users/apple/Documents/www/weshop/application/admin/Lib/Action/IndexAction.class.php 第 121 行.
SQL: SELECT * FROM `goods`  [ RunTime:0.000476s ]
SQL: SHOW COLUMNS FROM `category` [ RunTime:0.019379s ]
SQL: SELECT * FROM `category`  [ RunTime:0.000478s ]
INFO: [ view_parse ] --START--
NOTIC: [8] Undefined variable: mark /Users/apple/Documents/www/weshop/application/admin/Runtime/Cache/a830ffcdb72d4a88f7afb392880d7873.php 第 83 行.
NOTIC: [8] Undefined variable: commodity /Users/apple/Documents/www/weshop/application/admin/Runtime/Cache/a830ffcdb72d4a88f7afb392880d7873.php 第 109 行.
INFO: ParseTemplate Behavior ::run [ RunTime:0.013673s ]
INFO: [ view_parse ] --END-- [ RunTime:0.013752s ]
INFO: [ view_filter ] --START--
INFO: ContentReplace Behavior ::run [ RunTime:0.000347s ]
INFO: TokenBuild Behavior ::run [ RunTime:0.000335s ]
INFO: WriteHtmlCache Behavior ::run [ RunTime:0.000152s ]
INFO: ShowRuntime Behavior ::run [ RunTime:0.000258s ]
INFO: [ view_filter ] --END-- [ RunTime:0.001213s ]
INFO: [ view_end ] --START--
INFO: ShowPageTrace Behavior ::run [ RunTime:0.000381s ]
INFO: [ view_end ] --END-- [ RunTime:0.000422s ]

[ 2014-09-27T09:53:51+08:00 ] 0.0.0.0 /weshop/admin.php/Index/listAction
INFO: [ route_check ] --START--
INFO: CheckRoute Behavior ::run [ RunTime:0.000659s ]
INFO: [ route_check ] --END-- [ RunTime:0.000735s ]
INFO: [ app_begin ] --START--
INFO: ReadHtmlCache Behavior ::run [ RunTime:0.000316s ]
INFO: [ app_begin ] --END-- [ RunTime:0.000386s ]
SQL: SHOW COLUMNS FROM `goods` [ RunTime:0.010181s ]
NOTIC: [8] Undefined index: method /Users/apple/Documents/www/weshop/application/admin/Lib/Action/IndexAction.class.php 第 121 行.
SQL: SELECT * FROM `goods`  [ RunTime:0.001751s ]
SQL: SHOW COLUMNS FROM `category` [ RunTime:0.019492s ]
SQL: SELECT * FROM `category`  [ RunTime:0.000414s ]
INFO: [ view_parse ] --START--

[ 2014-09-27T09:54:11+08:00 ] 0.0.0.0 /weshop/admin.php/Index/listAction
INFO: [ route_check ] --START--
INFO: CheckRoute Behavior ::run [ RunTime:0.000457s ]
INFO: [ route_check ] --END-- [ RunTime:0.000513s ]
INFO: [ app_begin ] --START--
INFO: ReadHtmlCache Behavior ::run [ RunTime:0.000414s ]
INFO: [ app_begin ] --END-- [ RunTime:0.000473s ]
SQL: SHOW COLUMNS FROM `goods` [ RunTime:0.009780s ]
NOTIC: [8] Undefined index: method /Users/apple/Documents/www/weshop/application/admin/Lib/Action/IndexAction.class.php 第 121 行.
SQL: SELECT * FROM `goods`  [ RunTime:0.000559s ]
SQL: SHOW COLUMNS FROM `category` [ RunTime:0.003266s ]
SQL: SELECT * FROM `category`  [ RunTime:0.000359s ]
INFO: [ view_parse ] --START--

[ 2014-09-27T09:54:38+08:00 ] 0.0.0.0 /weshop/admin.php/Index/listAction
INFO: [ route_check ] --START--
INFO: CheckRoute Behavior ::run [ RunTime:0.000696s ]
INFO: [ route_check ] --END-- [ RunTime:0.000777s ]
INFO: [ app_begin ] --START--
INFO: ReadHtmlCache Behavior ::run [ RunTime:0.000441s ]
INFO: [ app_begin ] --END-- [ RunTime:0.001608s ]
SQL: SHOW COLUMNS FROM `goods` [ RunTime:0.009734s ]
NOTIC: [8] Undefined index: method /Users/apple/Documents/www/weshop/application/admin/Lib/Action/IndexAction.class.php 第 121 行.
SQL: SELECT * FROM `goods`  [ RunTime:0.000528s ]
SQL: SHOW COLUMNS FROM `category` [ RunTime:0.019979s ]
SQL: SELECT * FROM `category`  [ RunTime:0.000297s ]
INFO: [ view_parse ] --START--

[ 2014-09-27T09:54:59+08:00 ] 0.0.0.0 /weshop/admin.php/Index/addGoods
INFO: [ route_check ] --START--
INFO: CheckRoute Behavior ::run [ RunTime:0.000385s ]
INFO: [ route_check ] --END-- [ RunTime:0.000437s ]
INFO: [ app_begin ] --START--
INFO: ReadHtmlCache Behavior ::run [ RunTime:0.000306s ]
INFO: [ app_begin ] --END-- [ RunTime:0.000341s ]
SQL: SHOW COLUMNS FROM `category` [ RunTime:0.009992s ]
SQL: SELECT * FROM `category`  [ RunTime:0.000455s ]
INFO: [ view_parse ] --START--
NOTIC: [8] Undefined variable: mark /Users/apple/Documents/www/weshop/application/admin/Runtime/Cache/58c8d58db9e3616868f688b1f1d91242.php 第 83 行.
INFO: ParseTemplate Behavior ::run [ RunTime:0.008027s ]
INFO: [ view_parse ] --END-- [ RunTime:0.008081s ]
INFO: [ view_filter ] --START--
INFO: ContentReplace Behavior ::run [ RunTime:0.000226s ]
INFO: TokenBuild Behavior ::run [ RunTime:0.000251s ]
INFO: WriteHtmlCache Behavior ::run [ RunTime:0.000141s ]
INFO: ShowRuntime Behavior ::run [ RunTime:0.000254s ]
INFO: [ view_filter ] --END-- [ RunTime:0.000973s ]
INFO: [ view_end ] --START--
INFO: ShowPageTrace Behavior ::run [ RunTime:0.000412s ]
INFO: [ view_end ] --END-- [ RunTime:0.000463s ]

[ 2014-09-27T09:55:59+08:00 ] 0.0.0.0 /weshop/admin.php/Index/addGoods
INFO: [ route_check ] --START--
INFO: CheckRoute Behavior ::run [ RunTime:0.000651s ]
INFO: [ route_check ] --END-- [ RunTime:0.000725s ]
INFO: [ app_begin ] --START--
INFO: ReadHtmlCache Behavior ::run [ RunTime:0.000265s ]
INFO: [ app_begin ] --END-- [ RunTime:0.000304s ]
SQL: SHOW COLUMNS FROM `category` [ RunTime:0.010043s ]
SQL: SELECT * FROM `category`  [ RunTime:0.000405s ]
INFO: [ view_parse ] --START--
NOTIC: [8] Undefined variable: mark /Users/apple/Documents/www/weshop/application/admin/Runtime/Cache/58c8d58db9e3616868f688b1f1d91242.php 第 83 行.
INFO: ParseTemplate Behavior ::run [ RunTime:0.009593s ]
INFO: [ view_parse ] --END-- [ RunTime:0.009642s ]
INFO: [ view_filter ] --START--
INFO: ContentReplace Behavior ::run [ RunTime:0.000314s ]
INFO: TokenBuild Behavior ::run [ RunTime:0.000329s ]
INFO: WriteHtmlCache Behavior ::run [ RunTime:0.000177s ]
INFO: ShowRuntime Behavior ::run [ RunTime:0.000332s ]
INFO: [ view_filter ] --END-- [ RunTime:0.001278s ]
INFO: [ view_end ] --START--
INFO: ShowPageTrace Behavior ::run [ RunTime:0.000321s ]
INFO: [ view_end ] --END-- [ RunTime:0.000354s ]

[ 2014-09-27T09:56:02+08:00 ] 0.0.0.0 /weshop/admin.php/Index/addGoods
INFO: [ route_check ] --START--
INFO: CheckRoute Behavior ::run [ RunTime:0.000456s ]
INFO: [ route_check ] --END-- [ RunTime:0.000512s ]
INFO: [ app_begin ] --START--
INFO: ReadHtmlCache Behavior ::run [ RunTime:0.000261s ]
INFO: [ app_begin ] --END-- [ RunTime:0.000298s ]
SQL: SHOW COLUMNS FROM `category` [ RunTime:0.002358s ]
SQL: SELECT * FROM `category`  [ RunTime:0.000613s ]
INFO: [ view_parse ] --START--
NOTIC: [8] Undefined variable: mark /Users/apple/Documents/www/weshop/application/admin/Runtime/Cache/58c8d58db9e3616868f688b1f1d91242.php 第 83 行.
INFO: ParseTemplate Behavior ::run [ RunTime:0.007145s ]
INFO: [ view_parse ] --END-- [ RunTime:0.007205s ]
INFO: [ view_filter ] --START--
INFO: ContentReplace Behavior ::run [ RunTime:0.000302s ]
INFO: TokenBuild Behavior ::run [ RunTime:0.000365s ]
INFO: WriteHtmlCache Behavior ::run [ RunTime:0.000192s ]
INFO: ShowRuntime Behavior ::run [ RunTime:0.000353s ]
INFO: [ view_filter ] --END-- [ RunTime:0.001379s ]
INFO: [ view_end ] --START--
INFO: ShowPageTrace Behavior ::run [ RunTime:0.000500s ]
INFO: [ view_end ] --END-- [ RunTime:0.000555s ]

[ 2014-09-27T09:57:11+08:00 ] 0.0.0.0 /weshop/admin.php/Index/addGoods
INFO: [ route_check ] --START--
INFO: CheckRoute Behavior ::run [ RunTime:0.000365s ]
INFO: [ route_check ] --END-- [ RunTime:0.000413s ]
INFO: [ app_begin ] --START--
INFO: ReadHtmlCache Behavior ::run [ RunTime:0.000224s ]
INFO: [ app_begin ] --END-- [ RunTime:0.000258s ]
SQL: SHOW COLUMNS FROM `category` [ RunTime:0.009981s ]
SQL: SELECT * FROM `category`  [ RunTime:0.000361s ]
INFO: [ view_parse ] --START--
NOTIC: [8] Undefined variable: mark /Users/apple/Documents/www/weshop/application/admin/Runtime/Cache/58c8d58db9e3616868f688b1f1d91242.php 第 83 行.
INFO: ParseTemplate Behavior ::run [ RunTime:0.008358s ]
INFO: [ view_parse ] --END-- [ RunTime:0.008401s ]
INFO: [ view_filter ] --START--
INFO: ContentReplace Behavior ::run [ RunTime:0.000214s ]
INFO: TokenBuild Behavior ::run [ RunTime:0.000204s ]
INFO: WriteHtmlCache Behavior ::run [ RunTime:0.000111s ]
INFO: ShowRuntime Behavior ::run [ RunTime:0.000238s ]
INFO: [ view_filter ] --END-- [ RunTime:0.000860s ]
INFO: [ view_end ] --START--
INFO: ShowPageTrace Behavior ::run [ RunTime:0.000280s ]
INFO: [ view_end ] --END-- [ RunTime:0.000341s ]

[ 2014-09-27T09:57:14+08:00 ] 0.0.0.0 /weshop/admin.php/Index/addGoods
INFO: [ route_check ] --START--
INFO: CheckRoute Behavior ::run [ RunTime:0.000654s ]
INFO: [ route_check ] --END-- [ RunTime:0.000722s ]
INFO: [ app_begin ] --START--
INFO: ReadHtmlCache Behavior ::run [ RunTime:0.000282s ]
INFO: [ app_begin ] --END-- [ RunTime:0.000322s ]
SQL: SHOW COLUMNS FROM `category` [ RunTime:0.010447s ]
SQL: SELECT * FROM `category`  [ RunTime:0.000356s ]
INFO: [ view_parse ] --START--
NOTIC: [8] Undefined variable: mark /Users/apple/Documents/www/weshop/application/admin/Runtime/Cache/58c8d58db9e3616868f688b1f1d91242.php 第 83 行.
INFO: ParseTemplate Behavior ::run [ RunTime:0.005515s ]
INFO: [ view_parse ] --END-- [ RunTime:0.005557s ]
INFO: [ view_filter ] --START--
INFO: ContentReplace Behavior ::run [ RunTime:0.000180s ]
INFO: TokenBuild Behavior ::run [ RunTime:0.000204s ]
INFO: WriteHtmlCache Behavior ::run [ RunTime:0.000109s ]
INFO: ShowRuntime Behavior ::run [ RunTime:0.000211s ]
INFO: [ view_filter ] --END-- [ RunTime:0.000793s ]
INFO: [ view_end ] --START--
INFO: ShowPageTrace Behavior ::run [ RunTime:0.000334s ]
INFO: [ view_end ] --END-- [ RunTime:0.000378s ]

[ 2014-09-27T09:57:16+08:00 ] 0.0.0.0 /weshop/admin.php/Index/users
INFO: [ route_check ] --START--
INFO: CheckRoute Behavior ::run [ RunTime:0.000491s ]
INFO: [ route_check ] --END-- [ RunTime:0.000562s ]
INFO: [ app_begin ] --START--
INFO: ReadHtmlCache Behavior ::run [ RunTime:0.000409s ]
INFO: [ app_begin ] --END-- [ RunTime:0.000467s ]
NOTIC: [8] Constant THEME_NAME already defined /Users/apple/Documents/www/weshop/library/ThinkPHP/Lib/Core/View.class.php 第 223 行.
NOTIC: [8] Constant THEME_PATH already defined /Users/apple/Documents/www/weshop/library/ThinkPHP/Lib/Core/View.class.php 第 174 行.
NOTIC: [8] Constant APP_TMPL_PATH already defined /Users/apple/Documents/www/weshop/library/ThinkPHP/Lib/Core/View.class.php 第 175 行.
INFO: [ view_parse ] --START--
NOTIC: [8] Undefined variable: mark /Users/apple/Documents/www/weshop/application/admin/Runtime/Cache/87a0881615f5f31abb5f5680c353555e.php 第 83 行.
NOTIC: [8] Undefined variable: commodity /Users/apple/Documents/www/weshop/application/admin/Runtime/Cache/87a0881615f5f31abb5f5680c353555e.php 第 103 行.
INFO: ParseTemplate Behavior ::run [ RunTime:0.015810s ]
INFO: [ view_parse ] --END-- [ RunTime:0.015861s ]
INFO: [ view_filter ] --START--
INFO: ContentReplace Behavior ::run [ RunTime:0.000324s ]
INFO: TokenBuild Behavior ::run [ RunTime:0.000344s ]
INFO: WriteHtmlCache Behavior ::run [ RunTime:0.000187s ]
INFO: ShowRuntime Behavior ::run [ RunTime:0.000353s ]
INFO: [ view_filter ] --END-- [ RunTime:0.001356s ]
INFO: [ view_end ] --START--
INFO: ShowPageTrace Behavior ::run [ RunTime:0.000503s ]
INFO: [ view_end ] --END-- [ RunTime:0.000552s ]

[ 2014-09-27T09:57:39+08:00 ] 0.0.0.0 /weshop/admin.php/Index/users
INFO: [ route_check ] --START--
INFO: CheckRoute Behavior ::run [ RunTime:0.000356s ]
INFO: [ route_check ] --END-- [ RunTime:0.000419s ]
INFO: [ app_begin ] --START--
INFO: ReadHtmlCache Behavior ::run [ RunTime:0.000231s ]
INFO: [ app_begin ] --END-- [ RunTime:0.000265s ]
INFO: [ view_parse ] --START--
NOTIC: [8] Undefined variable: mark /Users/apple/Documents/www/weshop/application/admin/Runtime/Cache/87a0881615f5f31abb5f5680c353555e.php 第 83 行.
NOTIC: [8] Undefined variable: commodity /Users/apple/Documents/www/weshop/application/admin/Runtime/Cache/87a0881615f5f31abb5f5680c353555e.php 第 103 行.
INFO: ParseTemplate Behavior ::run [ RunTime:0.012708s ]
INFO: [ view_parse ] --END-- [ RunTime:0.012762s ]
INFO: [ view_filter ] --START--
INFO: ContentReplace Behavior ::run [ RunTime:0.000344s ]
INFO: TokenBuild Behavior ::run [ RunTime:0.000366s ]
INFO: WriteHtmlCache Behavior ::run [ RunTime:0.000194s ]
INFO: ShowRuntime Behavior ::run [ RunTime:0.000347s ]
INFO: [ view_filter ] --END-- [ RunTime:0.001395s ]
INFO: [ view_end ] --START--
INFO: ShowPageTrace Behavior ::run [ RunTime:0.000519s ]
INFO: [ view_end ] --END-- [ RunTime:0.000573s ]

[ 2014-09-27T09:57:58+08:00 ] 0.0.0.0 /weshop/admin.php/Index/users
INFO: [ route_check ] --START--
INFO: CheckRoute Behavior ::run [ RunTime:0.000393s ]
INFO: [ route_check ] --END-- [ RunTime:0.000442s ]
INFO: [ app_begin ] --START--
INFO: ReadHtmlCache Behavior ::run [ RunTime:0.000230s ]
INFO: [ app_begin ] --END-- [ RunTime:0.000264s ]
INFO: [ view_parse ] --START--
NOTIC: [8] Undefined variable: mark /Users/apple/Documents/www/weshop/application/admin/Runtime/Cache/87a0881615f5f31abb5f5680c353555e.php 第 83 行.
NOTIC: [8] Undefined variable: commodity /Users/apple/Documents/www/weshop/application/admin/Runtime/Cache/87a0881615f5f31abb5f5680c353555e.php 第 103 行.
INFO: ParseTemplate Behavior ::run [ RunTime:0.012405s ]
INFO: [ view_parse ] --END-- [ RunTime:0.012460s ]
INFO: [ view_filter ] --START--
INFO: ContentReplace Behavior ::run [ RunTime:0.000343s ]
INFO: TokenBuild Behavior ::run [ RunTime:0.000353s ]
INFO: WriteHtmlCache Behavior ::run [ RunTime:0.000195s ]
INFO: ShowRuntime Behavior ::run [ RunTime:0.000349s ]
INFO: [ view_filter ] --END-- [ RunTime:0.001386s ]
INFO: [ view_end ] --START--
INFO: ShowPageTrace Behavior ::run [ RunTime:0.000515s ]
INFO: [ view_end ] --END-- [ RunTime:0.000566s ]

