[ 2014-09-30T10:25:36+08:00 ] 0.0.0.0 /weshop/
INFO: [ app_begin ] --START--
INFO: ReadHtmlCache Behavior ::run [ RunTime:0.000266s ]
INFO: [ app_begin ] --END-- [ RunTime:0.000314s ]
SQL: SHOW COLUMNS FROM `category` [ RunTime:0.030738s ]
SQL: SELECT * FROM `category`  [ RunTime:0.002935s ]
SQL: SHOW COLUMNS FROM `goods` [ RunTime:0.001850s ]
SQL: SELECT * FROM `goods` ORDER BY time desc LIMIT 6   [ RunTime:0.001505s ]
INFO: [ view_parse ] --START--
INFO: ParseTemplate Behavior ::run [ RunTime:0.016583s ]
INFO: [ view_parse ] --END-- [ RunTime:0.016662s ]
INFO: [ view_filter ] --START--
INFO: ContentReplace Behavior ::run [ RunTime:0.004385s ]
INFO: TokenBuild Behavior ::run [ RunTime:0.000488s ]
INFO: WriteHtmlCache Behavior ::run [ RunTime:0.000192s ]
INFO: ShowRuntime Behavior ::run [ RunTime:0.000412s ]
INFO: [ view_filter ] --END-- [ RunTime:0.005653s ]
INFO: [ view_end ] --START--
INFO: ShowPageTrace Behavior ::run [ RunTime:0.000611s ]
INFO: [ view_end ] --END-- [ RunTime:0.000667s ]

[ 2014-09-30T10:25:36+08:00 ] 0.0.0.0 /weshop/index.php/
INFO: [ route_check ] --START--
INFO: CheckRoute Behavior ::run [ RunTime:0.000336s ]
INFO: [ route_check ] --END-- [ RunTime:0.000381s ]
INFO: [ app_begin ] --START--
INFO: ReadHtmlCache Behavior ::run [ RunTime:0.000226s ]
INFO: [ app_begin ] --END-- [ RunTime:0.000259s ]
SQL: SHOW COLUMNS FROM `category` [ RunTime:0.001991s ]
SQL: SELECT * FROM `category`  [ RunTime:0.000324s ]
SQL: SHOW COLUMNS FROM `goods` [ RunTime:0.001528s ]
SQL: SELECT * FROM `goods` ORDER BY time desc LIMIT 6   [ RunTime:0.000400s ]
INFO: [ view_parse ] --START--
INFO: ParseTemplate Behavior ::run [ RunTime:0.007343s ]
INFO: [ view_parse ] --END-- [ RunTime:0.007396s ]
INFO: [ view_filter ] --START--
INFO: ContentReplace Behavior ::run [ RunTime:0.000223s ]
INFO: TokenBuild Behavior ::run [ RunTime:0.000227s ]
INFO: WriteHtmlCache Behavior ::run [ RunTime:0.000105s ]
INFO: ShowRuntime Behavior ::run [ RunTime:0.000213s ]
INFO: [ view_filter ] --END-- [ RunTime:0.000857s ]
INFO: [ view_end ] --START--
INFO: ShowPageTrace Behavior ::run [ RunTime:0.000377s ]
INFO: [ view_end ] --END-- [ RunTime:0.000413s ]

[ 2014-09-30T10:25:37+08:00 ] 0.0.0.0 /weshop/
INFO: [ app_begin ] --START--
INFO: ReadHtmlCache Behavior ::run [ RunTime:0.000232s ]
INFO: [ app_begin ] --END-- [ RunTime:0.000275s ]
SQL: SHOW COLUMNS FROM `category` [ RunTime:0.001596s ]
SQL: SELECT * FROM `category`  [ RunTime:0.000258s ]
SQL: SHOW COLUMNS FROM `goods` [ RunTime:0.001303s ]
SQL: SELECT * FROM `goods` ORDER BY time desc LIMIT 6   [ RunTime:0.000406s ]
INFO: [ view_parse ] --START--
INFO: ParseTemplate Behavior ::run [ RunTime:0.007649s ]
INFO: [ view_parse ] --END-- [ RunTime:0.007693s ]
INFO: [ view_filter ] --START--
INFO: ContentReplace Behavior ::run [ RunTime:0.000234s ]
INFO: TokenBuild Behavior ::run [ RunTime:0.000218s ]
INFO: WriteHtmlCache Behavior ::run [ RunTime:0.000105s ]
INFO: ShowRuntime Behavior ::run [ RunTime:0.000201s ]
INFO: [ view_filter ] --END-- [ RunTime:0.000844s ]
INFO: [ view_end ] --START--
INFO: ShowPageTrace Behavior ::run [ RunTime:0.000505s ]
INFO: [ view_end ] --END-- [ RunTime:0.000547s ]

[ 2014-09-30T10:25:38+08:00 ] 0.0.0.0 /weshop/
INFO: [ app_begin ] --START--
INFO: ReadHtmlCache Behavior ::run [ RunTime:0.000425s ]
INFO: [ app_begin ] --END-- [ RunTime:0.000555s ]
SQL: SHOW COLUMNS FROM `category` [ RunTime:0.018294s ]
SQL: SELECT * FROM `category`  [ RunTime:0.000287s ]
SQL: SHOW COLUMNS FROM `goods` [ RunTime:0.001539s ]
SQL: SELECT * FROM `goods` ORDER BY time desc LIMIT 6   [ RunTime:0.000381s ]
INFO: [ view_parse ] --START--
INFO: ParseTemplate Behavior ::run [ RunTime:0.011030s ]
INFO: [ view_parse ] --END-- [ RunTime:0.011084s ]
INFO: [ view_filter ] --START--
INFO: ContentReplace Behavior ::run [ RunTime:0.000332s ]
INFO: TokenBuild Behavior ::run [ RunTime:0.000237s ]
INFO: WriteHtmlCache Behavior ::run [ RunTime:0.000119s ]
INFO: ShowRuntime Behavior ::run [ RunTime:0.000224s ]
INFO: [ view_filter ] --END-- [ RunTime:0.000993s ]
INFO: [ view_end ] --START--
INFO: ShowPageTrace Behavior ::run [ RunTime:0.000331s ]
INFO: [ view_end ] --END-- [ RunTime:0.000366s ]

[ 2014-09-30T10:25:42+08:00 ] 0.0.0.0 /weshop/index.php/Products/index
INFO: [ route_check ] --START--
INFO: CheckRoute Behavior ::run [ RunTime:0.000388s ]
INFO: [ route_check ] --END-- [ RunTime:0.000447s ]
INFO: [ app_begin ] --START--
INFO: ReadHtmlCache Behavior ::run [ RunTime:0.000227s ]
INFO: [ app_begin ] --END-- [ RunTime:0.000259s ]
SQL: SHOW COLUMNS FROM `category` [ RunTime:0.013740s ]
SQL: SELECT * FROM `category`  [ RunTime:0.000421s ]
SQL: SHOW COLUMNS FROM `goods` [ RunTime:0.003229s ]
NOTIC: [8] Undefined index: type /Users/apple/Documents/www/weshop/application/default/Lib/Action/ProductsAction.class.php 第 9 行.
SQL: SELECT * FROM `goods` ORDER BY id DESC  [ RunTime:0.000617s ]
NOTIC: [8] Undefined index: type /Users/apple/Documents/www/weshop/application/default/Lib/Action/ProductsAction.class.php 第 11 行.
SQL: SELECT COUNT(*) AS tp_count FROM `goods` LIMIT 1   [ RunTime:0.006777s ]
NOTIC: [8] Undefined variable: show /Users/apple/Documents/www/weshop/application/default/Lib/Action/ProductsAction.class.php 第 27 行.
INFO: [ view_parse ] --START--
INFO: ParseTemplate Behavior ::run [ RunTime:0.011000s ]
INFO: [ view_parse ] --END-- [ RunTime:0.011065s ]
INFO: [ view_filter ] --START--
INFO: ContentReplace Behavior ::run [ RunTime:0.000521s ]
INFO: TokenBuild Behavior ::run [ RunTime:0.000347s ]
INFO: WriteHtmlCache Behavior ::run [ RunTime:0.000116s ]
INFO: ShowRuntime Behavior ::run [ RunTime:0.000346s ]
INFO: [ view_filter ] --END-- [ RunTime:0.001424s ]
INFO: [ view_end ] --START--
INFO: ShowPageTrace Behavior ::run [ RunTime:0.000381s ]
INFO: [ view_end ] --END-- [ RunTime:0.000420s ]

[ 2014-09-30T10:25:47+08:00 ] 0.0.0.0 /weshop/index.php/Index/home
INFO: [ route_check ] --START--
INFO: CheckRoute Behavior ::run [ RunTime:0.000523s ]
INFO: [ route_check ] --END-- [ RunTime:0.000594s ]
INFO: [ app_begin ] --START--
INFO: ReadHtmlCache Behavior ::run [ RunTime:0.000320s ]
INFO: [ app_begin ] --END-- [ RunTime:0.000359s ]
NOTIC: [8] Undefined index: userId /Users/apple/Documents/www/weshop/application/default/Lib/Action/IndexAction.class.php 第 54 行.
INFO: [ view_parse ] --START--
NOTIC: [8] Undefined variable: c /Users/apple/Documents/www/weshop/application/default/Runtime/Cache/dc4f2bc7bc11f5e981b5272f070497a3.php 第 43 行.
INFO: ParseTemplate Behavior ::run [ RunTime:0.014001s ]
INFO: [ view_parse ] --END-- [ RunTime:0.014046s ]
INFO: [ view_filter ] --START--
INFO: ContentReplace Behavior ::run [ RunTime:0.000224s ]
INFO: TokenBuild Behavior ::run [ RunTime:0.000250s ]
INFO: WriteHtmlCache Behavior ::run [ RunTime:0.000131s ]
INFO: ShowRuntime Behavior ::run [ RunTime:0.000238s ]
INFO: [ view_filter ] --END-- [ RunTime:0.000948s ]
INFO: [ view_end ] --START--
INFO: ShowPageTrace Behavior ::run [ RunTime:0.000307s ]
INFO: [ view_end ] --END-- [ RunTime:0.000337s ]

[ 2014-09-30T10:25:49+08:00 ] 0.0.0.0 /weshop/index.php/
INFO: [ route_check ] --START--
INFO: CheckRoute Behavior ::run [ RunTime:0.000447s ]
INFO: [ route_check ] --END-- [ RunTime:0.000516s ]
INFO: [ app_begin ] --START--
INFO: ReadHtmlCache Behavior ::run [ RunTime:0.000236s ]
INFO: [ app_begin ] --END-- [ RunTime:0.000268s ]
SQL: SHOW COLUMNS FROM `category` [ RunTime:0.010747s ]
SQL: SELECT * FROM `category`  [ RunTime:0.000424s ]
SQL: SHOW COLUMNS FROM `goods` [ RunTime:0.001372s ]
SQL: SELECT * FROM `goods` ORDER BY time desc LIMIT 6   [ RunTime:0.000468s ]
INFO: [ view_parse ] --START--
INFO: ParseTemplate Behavior ::run [ RunTime:0.008677s ]
INFO: [ view_parse ] --END-- [ RunTime:0.008761s ]
INFO: [ view_filter ] --START--
INFO: ContentReplace Behavior ::run [ RunTime:0.000397s ]
INFO: TokenBuild Behavior ::run [ RunTime:0.000463s ]
INFO: WriteHtmlCache Behavior ::run [ RunTime:0.000156s ]
INFO: ShowRuntime Behavior ::run [ RunTime:0.000292s ]
INFO: [ view_filter ] --END-- [ RunTime:0.001465s ]
INFO: [ view_end ] --START--
INFO: ShowPageTrace Behavior ::run [ RunTime:0.000553s ]
INFO: [ view_end ] --END-- [ RunTime:0.000655s ]

[ 2014-09-30T10:25:52+08:00 ] 0.0.0.0 /weshop/
INFO: [ app_begin ] --START--
INFO: ReadHtmlCache Behavior ::run [ RunTime:0.000244s ]
INFO: [ app_begin ] --END-- [ RunTime:0.000290s ]
SQL: SHOW COLUMNS FROM `category` [ RunTime:0.010341s ]
SQL: SELECT * FROM `category`  [ RunTime:0.000506s ]
SQL: SHOW COLUMNS FROM `goods` [ RunTime:0.001533s ]
SQL: SELECT * FROM `goods` ORDER BY time desc LIMIT 6   [ RunTime:0.000393s ]
INFO: [ view_parse ] --START--
INFO: ParseTemplate Behavior ::run [ RunTime:0.007399s ]
INFO: [ view_parse ] --END-- [ RunTime:0.007448s ]
INFO: [ view_filter ] --START--
INFO: ContentReplace Behavior ::run [ RunTime:0.000212s ]
INFO: TokenBuild Behavior ::run [ RunTime:0.000204s ]
INFO: WriteHtmlCache Behavior ::run [ RunTime:0.000120s ]
INFO: ShowRuntime Behavior ::run [ RunTime:0.000255s ]
INFO: [ view_filter ] --END-- [ RunTime:0.000884s ]
INFO: [ view_end ] --START--
INFO: ShowPageTrace Behavior ::run [ RunTime:0.000472s ]
INFO: [ view_end ] --END-- [ RunTime:0.000519s ]

[ 2014-09-30T10:25:53+08:00 ] 0.0.0.0 /weshop/index.php/Index/home
INFO: [ route_check ] --START--
INFO: CheckRoute Behavior ::run [ RunTime:0.000390s ]
INFO: [ route_check ] --END-- [ RunTime:0.000445s ]
INFO: [ app_begin ] --START--
INFO: ReadHtmlCache Behavior ::run [ RunTime:0.000310s ]
INFO: [ app_begin ] --END-- [ RunTime:0.000354s ]
NOTIC: [8] Undefined index: userId /Users/apple/Documents/www/weshop/application/default/Lib/Action/IndexAction.class.php 第 54 行.
INFO: [ view_parse ] --START--
NOTIC: [8] Undefined variable: c /Users/apple/Documents/www/weshop/application/default/Runtime/Cache/dc4f2bc7bc11f5e981b5272f070497a3.php 第 43 行.
INFO: ParseTemplate Behavior ::run [ RunTime:0.013040s ]
INFO: [ view_parse ] --END-- [ RunTime:0.013097s ]
INFO: [ view_filter ] --START--
INFO: ContentReplace Behavior ::run [ RunTime:0.000336s ]
INFO: TokenBuild Behavior ::run [ RunTime:0.000362s ]
INFO: WriteHtmlCache Behavior ::run [ RunTime:0.000193s ]
INFO: ShowRuntime Behavior ::run [ RunTime:0.000350s ]
INFO: [ view_filter ] --END-- [ RunTime:0.001389s ]
INFO: [ view_end ] --START--
INFO: ShowPageTrace Behavior ::run [ RunTime:0.000513s ]
INFO: [ view_end ] --END-- [ RunTime:0.000564s ]

[ 2014-09-30T10:29:38+08:00 ] 0.0.0.0 /weshop/index.php/Index/home
INFO: [ route_check ] --START--
INFO: CheckRoute Behavior ::run [ RunTime:0.000576s ]
INFO: [ route_check ] --END-- [ RunTime:0.000699s ]
INFO: [ app_begin ] --START--
INFO: ReadHtmlCache Behavior ::run [ RunTime:0.000464s ]
INFO: [ app_begin ] --END-- [ RunTime:0.000597s ]
NOTIC: [8] Undefined index: userId /Users/apple/Documents/www/weshop/application/default/Lib/Action/IndexAction.class.php 第 54 行.
SQL: SHOW COLUMNS FROM `category` [ RunTime:0.019296s ]
SQL: SELECT * FROM `category`  [ RunTime:0.000390s ]
INFO: [ view_parse ] --START--
INFO: ParseTemplate Behavior ::run [ RunTime:0.010967s ]
INFO: [ view_parse ] --END-- [ RunTime:0.011039s ]
INFO: [ view_filter ] --START--
INFO: ContentReplace Behavior ::run [ RunTime:0.000248s ]
INFO: TokenBuild Behavior ::run [ RunTime:0.000259s ]
INFO: WriteHtmlCache Behavior ::run [ RunTime:0.000153s ]
INFO: ShowRuntime Behavior ::run [ RunTime:0.000388s ]
INFO: [ view_filter ] --END-- [ RunTime:0.001171s ]
INFO: [ view_end ] --START--
INFO: ShowPageTrace Behavior ::run [ RunTime:0.000427s ]
INFO: [ view_end ] --END-- [ RunTime:0.000476s ]

[ 2014-09-30T10:29:40+08:00 ] 0.0.0.0 /weshop/index.php/
INFO: [ route_check ] --START--
INFO: CheckRoute Behavior ::run [ RunTime:0.000393s ]
INFO: [ route_check ] --END-- [ RunTime:0.000443s ]
INFO: [ app_begin ] --START--
INFO: ReadHtmlCache Behavior ::run [ RunTime:0.000276s ]
INFO: [ app_begin ] --END-- [ RunTime:0.000309s ]
SQL: SHOW COLUMNS FROM `category` [ RunTime:0.009907s ]
SQL: SELECT * FROM `category`  [ RunTime:0.000359s ]
SQL: SHOW COLUMNS FROM `goods` [ RunTime:0.001786s ]
SQL: SELECT * FROM `goods` ORDER BY time desc LIMIT 6   [ RunTime:0.000375s ]
INFO: [ view_parse ] --START--
INFO: ParseTemplate Behavior ::run [ RunTime:0.007327s ]
INFO: [ view_parse ] --END-- [ RunTime:0.007375s ]
INFO: [ view_filter ] --START--
INFO: ContentReplace Behavior ::run [ RunTime:0.000294s ]
INFO: TokenBuild Behavior ::run [ RunTime:0.000229s ]
INFO: WriteHtmlCache Behavior ::run [ RunTime:0.000112s ]
INFO: ShowRuntime Behavior ::run [ RunTime:0.000231s ]
INFO: [ view_filter ] --END-- [ RunTime:0.000951s ]
INFO: [ view_end ] --START--
INFO: ShowPageTrace Behavior ::run [ RunTime:0.000466s ]
INFO: [ view_end ] --END-- [ RunTime:0.000511s ]

[ 2014-09-30T10:49:28+08:00 ] 0.0.0.0 /weshop/index.php/Products/addCart?goods=27
INFO: [ route_check ] --START--
INFO: CheckRoute Behavior ::run [ RunTime:0.000798s ]
INFO: [ route_check ] --END-- [ RunTime:0.000978s ]
INFO: [ app_begin ] --START--
INFO: ReadHtmlCache Behavior ::run [ RunTime:0.000420s ]
INFO: [ app_begin ] --END-- [ RunTime:0.000519s ]
SQL: SHOW COLUMNS FROM `cart` [ RunTime:0.018334s ]
NOTIC: [8] Undefined index: userId /Users/apple/Documents/www/weshop/application/default/Lib/Action/ProductsAction.class.php 第 52 行.
SQL: INSERT INTO `cart` (`goods_id`,`user_id`) VALUES (27,null) [ RunTime:0.007844s ]

[ 2014-09-30T10:49:32+08:00 ] 0.0.0.0 /weshop/index.php/Products/theproduct?good=27
INFO: [ route_check ] --START--
INFO: CheckRoute Behavior ::run [ RunTime:0.000367s ]
INFO: [ route_check ] --END-- [ RunTime:0.000417s ]
INFO: [ app_begin ] --START--
INFO: ReadHtmlCache Behavior ::run [ RunTime:0.000321s ]
INFO: [ app_begin ] --END-- [ RunTime:0.000382s ]
SQL: SHOW COLUMNS FROM `category` [ RunTime:0.013191s ]
SQL: SELECT * FROM `category`  [ RunTime:0.000459s ]
SQL: SHOW COLUMNS FROM `goods` [ RunTime:0.002092s ]
SQL: SELECT * FROM `goods` WHERE ( id=27 ) LIMIT 1   [ RunTime:0.001586s ]
SQL: SELECT `name` FROM `category` WHERE ( id=2 ) LIMIT 1   [ RunTime:0.000814s ]
SQL: SELECT * FROM `goods` ORDER BY rand() LIMIT 1   [ RunTime:0.002233s ]
SQL: SELECT * FROM `goods` ORDER BY rand() LIMIT 1   [ RunTime:0.000653s ]
INFO: [ view_parse ] --START--
INFO: ParseTemplate Behavior ::run [ RunTime:0.011160s ]
INFO: [ view_parse ] --END-- [ RunTime:0.011236s ]
INFO: [ view_filter ] --START--
INFO: ContentReplace Behavior ::run [ RunTime:0.000246s ]
INFO: TokenBuild Behavior ::run [ RunTime:0.000228s ]
INFO: WriteHtmlCache Behavior ::run [ RunTime:0.001624s ]
INFO: ShowRuntime Behavior ::run [ RunTime:0.000570s ]
INFO: [ view_filter ] --END-- [ RunTime:0.002842s ]
INFO: [ view_end ] --START--
INFO: ShowPageTrace Behavior ::run [ RunTime:0.000527s ]
INFO: [ view_end ] --END-- [ RunTime:0.000571s ]

[ 2014-09-30T10:49:41+08:00 ] 0.0.0.0 /weshop/index.php/Products/theProduct?good=25
INFO: [ route_check ] --START--
INFO: CheckRoute Behavior ::run [ RunTime:0.000338s ]
INFO: [ route_check ] --END-- [ RunTime:0.000381s ]
INFO: [ app_begin ] --START--
INFO: ReadHtmlCache Behavior ::run [ RunTime:0.000227s ]
INFO: [ app_begin ] --END-- [ RunTime:0.000259s ]
SQL: SHOW COLUMNS FROM `category` [ RunTime:0.009110s ]
SQL: SELECT * FROM `category`  [ RunTime:0.000396s ]
SQL: SHOW COLUMNS FROM `goods` [ RunTime:0.001715s ]
SQL: SELECT * FROM `goods` WHERE ( id=25 ) LIMIT 1   [ RunTime:0.000484s ]
SQL: SELECT `name` FROM `category` WHERE ( id=2 ) LIMIT 1   [ RunTime:0.000317s ]
SQL: SELECT * FROM `goods` ORDER BY rand() LIMIT 1   [ RunTime:0.000623s ]
SQL: SELECT * FROM `goods` ORDER BY rand() LIMIT 1   [ RunTime:0.000465s ]
INFO: [ view_parse ] --START--
INFO: ParseTemplate Behavior ::run [ RunTime:0.007434s ]
INFO: [ view_parse ] --END-- [ RunTime:0.007492s ]
INFO: [ view_filter ] --START--
INFO: ContentReplace Behavior ::run [ RunTime:0.000209s ]
INFO: TokenBuild Behavior ::run [ RunTime:0.000208s ]
INFO: WriteHtmlCache Behavior ::run [ RunTime:0.000115s ]
INFO: ShowRuntime Behavior ::run [ RunTime:0.000209s ]
INFO: [ view_filter ] --END-- [ RunTime:0.000828s ]
INFO: [ view_end ] --START--
INFO: ShowPageTrace Behavior ::run [ RunTime:0.000308s ]
INFO: [ view_end ] --END-- [ RunTime:0.000338s ]

[ 2014-09-30T10:49:43+08:00 ] 0.0.0.0 /weshop/index.php/Products/theproduct?good=27
INFO: [ route_check ] --START--
INFO: CheckRoute Behavior ::run [ RunTime:0.000385s ]
INFO: [ route_check ] --END-- [ RunTime:0.000435s ]
INFO: [ app_begin ] --START--
INFO: ReadHtmlCache Behavior ::run [ RunTime:0.000257s ]
INFO: [ app_begin ] --END-- [ RunTime:0.000295s ]
SQL: SHOW COLUMNS FROM `category` [ RunTime:0.010674s ]
SQL: SELECT * FROM `category`  [ RunTime:0.000476s ]
SQL: SHOW COLUMNS FROM `goods` [ RunTime:0.002123s ]
SQL: SELECT * FROM `goods` WHERE ( id=27 ) LIMIT 1   [ RunTime:0.000407s ]
SQL: SELECT `name` FROM `category` WHERE ( id=2 ) LIMIT 1   [ RunTime:0.000351s ]
SQL: SELECT * FROM `goods` ORDER BY rand() LIMIT 1   [ RunTime:0.000380s ]
SQL: SELECT * FROM `goods` ORDER BY rand() LIMIT 1   [ RunTime:0.000379s ]
INFO: [ view_parse ] --START--
INFO: ParseTemplate Behavior ::run [ RunTime:0.006694s ]
INFO: [ view_parse ] --END-- [ RunTime:0.006745s ]
INFO: [ view_filter ] --START--
INFO: ContentReplace Behavior ::run [ RunTime:0.000190s ]
INFO: TokenBuild Behavior ::run [ RunTime:0.000201s ]
INFO: WriteHtmlCache Behavior ::run [ RunTime:0.000098s ]
INFO: ShowRuntime Behavior ::run [ RunTime:0.000182s ]
INFO: [ view_filter ] --END-- [ RunTime:0.000752s ]
INFO: [ view_end ] --START--
INFO: ShowPageTrace Behavior ::run [ RunTime:0.000308s ]
INFO: [ view_end ] --END-- [ RunTime:0.000336s ]

[ 2014-09-30T10:49:44+08:00 ] 0.0.0.0 /weshop/index.php/
INFO: [ route_check ] --START--
INFO: CheckRoute Behavior ::run [ RunTime:0.000653s ]
INFO: [ route_check ] --END-- [ RunTime:0.000736s ]
INFO: [ app_begin ] --START--
INFO: ReadHtmlCache Behavior ::run [ RunTime:0.000367s ]
INFO: [ app_begin ] --END-- [ RunTime:0.000410s ]
SQL: SHOW COLUMNS FROM `category` [ RunTime:0.009172s ]
SQL: SELECT * FROM `category`  [ RunTime:0.000396s ]
SQL: SHOW COLUMNS FROM `goods` [ RunTime:0.001738s ]
SQL: SELECT * FROM `goods` ORDER BY time desc LIMIT 6   [ RunTime:0.000375s ]
INFO: [ view_parse ] --START--
INFO: ParseTemplate Behavior ::run [ RunTime:0.007363s ]
INFO: [ view_parse ] --END-- [ RunTime:0.007411s ]
INFO: [ view_filter ] --START--
INFO: ContentReplace Behavior ::run [ RunTime:0.000195s ]
INFO: TokenBuild Behavior ::run [ RunTime:0.000205s ]
INFO: WriteHtmlCache Behavior ::run [ RunTime:0.000097s ]
INFO: ShowRuntime Behavior ::run [ RunTime:0.000192s ]
INFO: [ view_filter ] --END-- [ RunTime:0.000769s ]
INFO: [ view_end ] --START--
INFO: ShowPageTrace Behavior ::run [ RunTime:0.000588s ]
INFO: [ view_end ] --END-- [ RunTime:0.000638s ]

[ 2014-09-30T10:50:28+08:00 ] 0.0.0.0 /weshop/index.php/Products/index
INFO: [ route_check ] --START--
INFO: CheckRoute Behavior ::run [ RunTime:0.000540s ]
INFO: [ route_check ] --END-- [ RunTime:0.000681s ]
INFO: [ app_begin ] --START--
INFO: ReadHtmlCache Behavior ::run [ RunTime:0.000365s ]
INFO: [ app_begin ] --END-- [ RunTime:0.000439s ]
SQL: SHOW COLUMNS FROM `category` [ RunTime:0.017674s ]
SQL: SELECT * FROM `category`  [ RunTime:0.000360s ]
SQL: SHOW COLUMNS FROM `goods` [ RunTime:0.001678s ]
NOTIC: [8] Undefined index: type /Users/apple/Documents/www/weshop/application/default/Lib/Action/ProductsAction.class.php 第 9 行.
SQL: SELECT * FROM `goods` ORDER BY id DESC  [ RunTime:0.000580s ]
NOTIC: [8] Undefined index: type /Users/apple/Documents/www/weshop/application/default/Lib/Action/ProductsAction.class.php 第 11 行.
SQL: SELECT COUNT(*) AS tp_count FROM `goods` LIMIT 1   [ RunTime:0.000341s ]
NOTIC: [8] Undefined variable: show /Users/apple/Documents/www/weshop/application/default/Lib/Action/ProductsAction.class.php 第 27 行.
INFO: [ view_parse ] --START--
INFO: ParseTemplate Behavior ::run [ RunTime:0.008078s ]
INFO: [ view_parse ] --END-- [ RunTime:0.008142s ]
INFO: [ view_filter ] --START--
INFO: ContentReplace Behavior ::run [ RunTime:0.000460s ]
INFO: TokenBuild Behavior ::run [ RunTime:0.000219s ]
INFO: WriteHtmlCache Behavior ::run [ RunTime:0.000112s ]
INFO: ShowRuntime Behavior ::run [ RunTime:0.000215s ]
INFO: [ view_filter ] --END-- [ RunTime:0.001089s ]
INFO: [ view_end ] --START--
INFO: ShowPageTrace Behavior ::run [ RunTime:0.000519s ]
INFO: [ view_end ] --END-- [ RunTime:0.000557s ]

[ 2014-09-30T10:51:48+08:00 ] 0.0.0.0 /weshop/index.php/
INFO: [ route_check ] --START--
INFO: CheckRoute Behavior ::run [ RunTime:0.000477s ]
INFO: [ route_check ] --END-- [ RunTime:0.000594s ]
INFO: [ app_begin ] --START--
INFO: ReadHtmlCache Behavior ::run [ RunTime:0.000288s ]
INFO: [ app_begin ] --END-- [ RunTime:0.000348s ]
SQL: SHOW COLUMNS FROM `category` [ RunTime:0.002625s ]
SQL: SELECT * FROM `category`  [ RunTime:0.000370s ]
SQL: SHOW COLUMNS FROM `goods` [ RunTime:0.001888s ]
SQL: SELECT * FROM `goods` ORDER BY time desc LIMIT 6   [ RunTime:0.000536s ]
INFO: [ view_parse ] --START--
INFO: ParseTemplate Behavior ::run [ RunTime:0.014989s ]
INFO: [ view_parse ] --END-- [ RunTime:0.015063s ]
INFO: [ view_filter ] --START--
INFO: ContentReplace Behavior ::run [ RunTime:0.000430s ]
INFO: TokenBuild Behavior ::run [ RunTime:0.000268s ]
INFO: WriteHtmlCache Behavior ::run [ RunTime:0.000131s ]
INFO: ShowRuntime Behavior ::run [ RunTime:0.000263s ]
INFO: [ view_filter ] --END-- [ RunTime:0.001186s ]
INFO: [ view_end ] --START--
INFO: ShowPageTrace Behavior ::run [ RunTime:0.000333s ]
INFO: [ view_end ] --END-- [ RunTime:0.000369s ]

[ 2014-09-30T10:51:53+08:00 ] 0.0.0.0 /weshop/index.php/Index/aboutus
INFO: [ route_check ] --START--
INFO: CheckRoute Behavior ::run [ RunTime:0.000465s ]
INFO: [ route_check ] --END-- [ RunTime:0.000527s ]
INFO: [ app_begin ] --START--
INFO: ReadHtmlCache Behavior ::run [ RunTime:0.000284s ]
INFO: [ app_begin ] --END-- [ RunTime:0.000320s ]
SQL: SHOW COLUMNS FROM `category` [ RunTime:0.009220s ]
SQL: SELECT * FROM `category`  [ RunTime:0.000407s ]
INFO: [ view_parse ] --START--
INFO: ParseTemplate Behavior ::run [ RunTime:0.009561s ]
INFO: [ view_parse ] --END-- [ RunTime:0.009652s ]
INFO: [ view_filter ] --START--
INFO: ContentReplace Behavior ::run [ RunTime:0.000252s ]
INFO: TokenBuild Behavior ::run [ RunTime:0.000252s ]
INFO: WriteHtmlCache Behavior ::run [ RunTime:0.000137s ]
INFO: ShowRuntime Behavior ::run [ RunTime:0.000261s ]
INFO: [ view_filter ] --END-- [ RunTime:0.001040s ]
INFO: [ view_end ] --START--
INFO: ShowPageTrace Behavior ::run [ RunTime:0.000383s ]
INFO: [ view_end ] --END-- [ RunTime:0.000419s ]

[ 2014-09-30T10:51:57+08:00 ] 0.0.0.0 /weshop/index.php/Products/cart
INFO: [ route_check ] --START--
INFO: CheckRoute Behavior ::run [ RunTime:0.000628s ]
INFO: [ route_check ] --END-- [ RunTime:0.000735s ]
INFO: [ app_begin ] --START--
INFO: ReadHtmlCache Behavior ::run [ RunTime:0.000404s ]
INFO: [ app_begin ] --END-- [ RunTime:0.000468s ]
SQL: SHOW COLUMNS FROM `cart` [ RunTime:0.009286s ]
SQL: SELECT * FROM `cart`  [ RunTime:0.000290s ]
INFO: [ view_parse ] --START--
NOTIC: [8] Undefined variable: c /Users/apple/Documents/www/weshop/application/default/Runtime/Cache/815780d2ef921c6da811e3e2ba9e4611.php 第 42 行.
NOTIC: [2] mysql_fetch_array() expects parameter 1 to be resource, string given /Users/apple/Documents/www/weshop/application/default/Runtime/Cache/815780d2ef921c6da811e3e2ba9e4611.php 第 73 行.
NOTIC: [2] mysql_fetch_array() expects parameter 1 to be resource, string given /Users/apple/Documents/www/weshop/application/default/Runtime/Cache/815780d2ef921c6da811e3e2ba9e4611.php 第 73 行.
NOTIC: [2] mysql_fetch_array() expects parameter 1 to be resource, string given /Users/apple/Documents/www/weshop/application/default/Runtime/Cache/815780d2ef921c6da811e3e2ba9e4611.php 第 73 行.
NOTIC: [2] mysql_fetch_array() expects parameter 1 to be resource, string given /Users/apple/Documents/www/weshop/application/default/Runtime/Cache/815780d2ef921c6da811e3e2ba9e4611.php 第 73 行.
NOTIC: [2] mysql_fetch_array() expects parameter 1 to be resource, string given /Users/apple/Documents/www/weshop/application/default/Runtime/Cache/815780d2ef921c6da811e3e2ba9e4611.php 第 73 行.
NOTIC: [2] mysql_fetch_array() expects parameter 1 to be resource, string given /Users/apple/Documents/www/weshop/application/default/Runtime/Cache/815780d2ef921c6da811e3e2ba9e4611.php 第 73 行.
NOTIC: [2] mysql_fetch_array() expects parameter 1 to be resource, string given /Users/apple/Documents/www/weshop/application/default/Runtime/Cache/815780d2ef921c6da811e3e2ba9e4611.php 第 73 行.
NOTIC: [2] mysql_fetch_array() expects parameter 1 to be resource, string given /Users/apple/Documents/www/weshop/application/default/Runtime/Cache/815780d2ef921c6da811e3e2ba9e4611.php 第 73 行.
NOTIC: [2] mysql_fetch_array() expects parameter 1 to be resource, string given /Users/apple/Documents/www/weshop/application/default/Runtime/Cache/815780d2ef921c6da811e3e2ba9e4611.php 第 73 行.
INFO: ParseTemplate Behavior ::run [ RunTime:0.013452s ]
INFO: [ view_parse ] --END-- [ RunTime:0.013509s ]
INFO: [ view_filter ] --START--
INFO: ContentReplace Behavior ::run [ RunTime:0.000263s ]
INFO: TokenBuild Behavior ::run [ RunTime:0.000254s ]
INFO: WriteHtmlCache Behavior ::run [ RunTime:0.000145s ]
INFO: ShowRuntime Behavior ::run [ RunTime:0.000227s ]
INFO: [ view_filter ] --END-- [ RunTime:0.000994s ]
INFO: [ view_end ] --START--
INFO: ShowPageTrace Behavior ::run [ RunTime:0.000345s ]
INFO: [ view_end ] --END-- [ RunTime:0.000377s ]

[ 2014-09-30T11:28:19+08:00 ] 192.168.10.8 /weshop/
INFO: [ app_begin ] --START--
INFO: ReadHtmlCache Behavior ::run [ RunTime:0.001015s ]
INFO: [ app_begin ] --END-- [ RunTime:0.001177s ]
SQL: SHOW COLUMNS FROM `category` [ RunTime:0.018689s ]
SQL: SELECT * FROM `category`  [ RunTime:0.000432s ]
SQL: SHOW COLUMNS FROM `goods` [ RunTime:0.007137s ]
SQL: SELECT * FROM `goods` ORDER BY time desc LIMIT 6   [ RunTime:0.000558s ]
INFO: [ view_parse ] --START--
INFO: ParseTemplate Behavior ::run [ RunTime:0.018602s ]
INFO: [ view_parse ] --END-- [ RunTime:0.018699s ]
INFO: [ view_filter ] --START--
INFO: ContentReplace Behavior ::run [ RunTime:0.001021s ]
INFO: TokenBuild Behavior ::run [ RunTime:0.000832s ]
INFO: WriteHtmlCache Behavior ::run [ RunTime:0.000592s ]
INFO: ShowRuntime Behavior ::run [ RunTime:0.000754s ]
INFO: [ view_filter ] --END-- [ RunTime:0.003406s ]
INFO: [ view_end ] --START--
INFO: ShowPageTrace Behavior ::run [ RunTime:0.000914s ]
INFO: [ view_end ] --END-- [ RunTime:0.000970s ]

[ 2014-09-30T11:29:58+08:00 ] 192.168.10.6 /weshop/
INFO: [ app_begin ] --START--
INFO: ReadHtmlCache Behavior ::run [ RunTime:0.000313s ]
INFO: [ app_begin ] --END-- [ RunTime:0.000370s ]
SQL: SHOW COLUMNS FROM `category` [ RunTime:0.009428s ]
SQL: SELECT * FROM `category`  [ RunTime:0.000389s ]
SQL: SHOW COLUMNS FROM `goods` [ RunTime:0.002094s ]
SQL: SELECT * FROM `goods` ORDER BY time desc LIMIT 6   [ RunTime:0.000517s ]
INFO: [ view_parse ] --START--
INFO: ParseTemplate Behavior ::run [ RunTime:0.010823s ]
INFO: [ view_parse ] --END-- [ RunTime:0.010881s ]
INFO: [ view_filter ] --START--
INFO: ContentReplace Behavior ::run [ RunTime:0.000202s ]
INFO: TokenBuild Behavior ::run [ RunTime:0.000201s ]
INFO: WriteHtmlCache Behavior ::run [ RunTime:0.000099s ]
INFO: ShowRuntime Behavior ::run [ RunTime:0.000187s ]
INFO: [ view_filter ] --END-- [ RunTime:0.000766s ]
INFO: [ view_end ] --START--
INFO: ShowPageTrace Behavior ::run [ RunTime:0.000398s ]
INFO: [ view_end ] --END-- [ RunTime:0.000434s ]

[ 2014-09-30T11:30:52+08:00 ] 192.168.10.6 /weshop/index.php/Products/cart
INFO: [ route_check ] --START--
INFO: CheckRoute Behavior ::run [ RunTime:0.008726s ]
INFO: [ route_check ] --END-- [ RunTime:0.008808s ]
INFO: [ app_begin ] --START--
INFO: ReadHtmlCache Behavior ::run [ RunTime:0.000496s ]
INFO: [ app_begin ] --END-- [ RunTime:0.000561s ]
SQL: SHOW COLUMNS FROM `cart` [ RunTime:0.017948s ]
SQL: SELECT * FROM `cart`  [ RunTime:0.000393s ]
INFO: [ view_parse ] --START--
NOTIC: [8] Undefined variable: c /Users/apple/Documents/www/weshop/application/default/Runtime/Cache/815780d2ef921c6da811e3e2ba9e4611.php 第 42 行.
NOTIC: [2] mysql_fetch_array() expects parameter 1 to be resource, string given /Users/apple/Documents/www/weshop/application/default/Runtime/Cache/815780d2ef921c6da811e3e2ba9e4611.php 第 73 行.
NOTIC: [2] mysql_fetch_array() expects parameter 1 to be resource, string given /Users/apple/Documents/www/weshop/application/default/Runtime/Cache/815780d2ef921c6da811e3e2ba9e4611.php 第 73 行.
NOTIC: [2] mysql_fetch_array() expects parameter 1 to be resource, string given /Users/apple/Documents/www/weshop/application/default/Runtime/Cache/815780d2ef921c6da811e3e2ba9e4611.php 第 73 行.
NOTIC: [2] mysql_fetch_array() expects parameter 1 to be resource, string given /Users/apple/Documents/www/weshop/application/default/Runtime/Cache/815780d2ef921c6da811e3e2ba9e4611.php 第 73 行.
NOTIC: [2] mysql_fetch_array() expects parameter 1 to be resource, string given /Users/apple/Documents/www/weshop/application/default/Runtime/Cache/815780d2ef921c6da811e3e2ba9e4611.php 第 73 行.
NOTIC: [2] mysql_fetch_array() expects parameter 1 to be resource, string given /Users/apple/Documents/www/weshop/application/default/Runtime/Cache/815780d2ef921c6da811e3e2ba9e4611.php 第 73 行.
NOTIC: [2] mysql_fetch_array() expects parameter 1 to be resource, string given /Users/apple/Documents/www/weshop/application/default/Runtime/Cache/815780d2ef921c6da811e3e2ba9e4611.php 第 73 行.
NOTIC: [2] mysql_fetch_array() expects parameter 1 to be resource, string given /Users/apple/Documents/www/weshop/application/default/Runtime/Cache/815780d2ef921c6da811e3e2ba9e4611.php 第 73 行.
NOTIC: [2] mysql_fetch_array() expects parameter 1 to be resource, string given /Users/apple/Documents/www/weshop/application/default/Runtime/Cache/815780d2ef921c6da811e3e2ba9e4611.php 第 73 行.
INFO: ParseTemplate Behavior ::run [ RunTime:0.016308s ]
INFO: [ view_parse ] --END-- [ RunTime:0.016370s ]
INFO: [ view_filter ] --START--
INFO: ContentReplace Behavior ::run [ RunTime:0.000344s ]
INFO: TokenBuild Behavior ::run [ RunTime:0.000219s ]
INFO: WriteHtmlCache Behavior ::run [ RunTime:0.000110s ]
INFO: ShowRuntime Behavior ::run [ RunTime:0.000197s ]
INFO: [ view_filter ] --END-- [ RunTime:0.000971s ]
INFO: [ view_end ] --START--
INFO: ShowPageTrace Behavior ::run [ RunTime:0.000289s ]
INFO: [ view_end ] --END-- [ RunTime:0.000315s ]

[ 2014-09-30T11:30:57+08:00 ] 192.168.10.6 /weshop/index.php/
INFO: [ route_check ] --START--
INFO: CheckRoute Behavior ::run [ RunTime:0.000450s ]
INFO: [ route_check ] --END-- [ RunTime:0.000505s ]
INFO: [ app_begin ] --START--
INFO: ReadHtmlCache Behavior ::run [ RunTime:0.000299s ]
INFO: [ app_begin ] --END-- [ RunTime:0.000342s ]
SQL: SHOW COLUMNS FROM `category` [ RunTime:0.010532s ]
SQL: SELECT * FROM `category`  [ RunTime:0.000342s ]
SQL: SHOW COLUMNS FROM `goods` [ RunTime:0.001331s ]
SQL: SELECT * FROM `goods` ORDER BY time desc LIMIT 6   [ RunTime:0.000388s ]
INFO: [ view_parse ] --START--
INFO: ParseTemplate Behavior ::run [ RunTime:0.007830s ]
INFO: [ view_parse ] --END-- [ RunTime:0.007874s ]
INFO: [ view_filter ] --START--
INFO: ContentReplace Behavior ::run [ RunTime:0.000271s ]
INFO: TokenBuild Behavior ::run [ RunTime:0.000405s ]
INFO: WriteHtmlCache Behavior ::run [ RunTime:0.000190s ]
INFO: ShowRuntime Behavior ::run [ RunTime:0.000365s ]
INFO: [ view_filter ] --END-- [ RunTime:0.001362s ]
INFO: [ view_end ] --START--
INFO: ShowPageTrace Behavior ::run [ RunTime:0.000545s ]
INFO: [ view_end ] --END-- [ RunTime:0.000597s ]

[ 2014-09-30T11:31:40+08:00 ] 192.168.10.6 /weshop/index.php/Index/home
INFO: [ route_check ] --START--
INFO: CheckRoute Behavior ::run [ RunTime:0.000479s ]
INFO: [ route_check ] --END-- [ RunTime:0.000533s ]
INFO: [ app_begin ] --START--
INFO: ReadHtmlCache Behavior ::run [ RunTime:0.000305s ]
INFO: [ app_begin ] --END-- [ RunTime:0.000351s ]
NOTIC: [8] Undefined index: userId /Users/apple/Documents/www/weshop/application/default/Lib/Action/IndexAction.class.php 第 54 行.
SQL: SHOW COLUMNS FROM `category` [ RunTime:0.010033s ]
SQL: SELECT * FROM `category`  [ RunTime:0.000286s ]
INFO: [ view_parse ] --START--
INFO: ParseTemplate Behavior ::run [ RunTime:0.006709s ]
INFO: [ view_parse ] --END-- [ RunTime:0.006764s ]
INFO: [ view_filter ] --START--
INFO: ContentReplace Behavior ::run [ RunTime:0.000168s ]
INFO: TokenBuild Behavior ::run [ RunTime:0.000190s ]
INFO: WriteHtmlCache Behavior ::run [ RunTime:0.000096s ]
INFO: ShowRuntime Behavior ::run [ RunTime:0.000183s ]
INFO: [ view_filter ] --END-- [ RunTime:0.000715s ]
INFO: [ view_end ] --START--
INFO: ShowPageTrace Behavior ::run [ RunTime:0.000274s ]
INFO: [ view_end ] --END-- [ RunTime:0.000301s ]

[ 2014-09-30T11:32:01+08:00 ] 192.168.10.6 /weshop/index.php/Index/sign
INFO: [ route_check ] --START--
INFO: CheckRoute Behavior ::run [ RunTime:0.000454s ]
INFO: [ route_check ] --END-- [ RunTime:0.000508s ]
INFO: [ app_begin ] --START--
INFO: ReadHtmlCache Behavior ::run [ RunTime:0.000308s ]
INFO: [ app_begin ] --END-- [ RunTime:0.000351s ]
SQL: SHOW COLUMNS FROM `users` [ RunTime:0.010771s ]
SQL: SELECT * FROM `users` WHERE ( phone=1569383272 ) LIMIT 1   [ RunTime:0.002257s ]

[ 2014-09-30T11:32:23+08:00 ] 192.168.10.8 /weshop/index.php/Products/theproduct?good=27
INFO: [ route_check ] --START--
INFO: CheckRoute Behavior ::run [ RunTime:0.000448s ]
INFO: [ route_check ] --END-- [ RunTime:0.000503s ]
INFO: [ app_begin ] --START--
INFO: ReadHtmlCache Behavior ::run [ RunTime:0.000321s ]
INFO: [ app_begin ] --END-- [ RunTime:0.000365s ]
SQL: SHOW COLUMNS FROM `category` [ RunTime:0.010215s ]
SQL: SELECT * FROM `category`  [ RunTime:0.000470s ]
SQL: SHOW COLUMNS FROM `goods` [ RunTime:0.001916s ]
SQL: SELECT * FROM `goods` WHERE ( id=27 ) LIMIT 1   [ RunTime:0.000420s ]
SQL: SELECT `name` FROM `category` WHERE ( id=2 ) LIMIT 1   [ RunTime:0.000351s ]
SQL: SELECT * FROM `goods` ORDER BY rand() LIMIT 1   [ RunTime:0.000503s ]
SQL: SELECT * FROM `goods` ORDER BY rand() LIMIT 1   [ RunTime:0.000504s ]
INFO: [ view_parse ] --START--
INFO: ParseTemplate Behavior ::run [ RunTime:0.006882s ]
INFO: [ view_parse ] --END-- [ RunTime:0.006965s ]
INFO: [ view_filter ] --START--
INFO: ContentReplace Behavior ::run [ RunTime:0.000316s ]
INFO: TokenBuild Behavior ::run [ RunTime:0.000329s ]
INFO: WriteHtmlCache Behavior ::run [ RunTime:0.000180s ]
INFO: ShowRuntime Behavior ::run [ RunTime:0.000335s ]
INFO: [ view_filter ] --END-- [ RunTime:0.001305s ]
INFO: [ view_end ] --START--
INFO: ShowPageTrace Behavior ::run [ RunTime:0.000573s ]
INFO: [ view_end ] --END-- [ RunTime:0.000624s ]

[ 2014-09-30T11:32:23+08:00 ] 192.168.10.6 /weshop/index.php/Index/sign
INFO: [ route_check ] --START--
INFO: CheckRoute Behavior ::run [ RunTime:0.000457s ]
INFO: [ route_check ] --END-- [ RunTime:0.000510s ]
INFO: [ app_begin ] --START--
INFO: ReadHtmlCache Behavior ::run [ RunTime:0.000317s ]
INFO: [ app_begin ] --END-- [ RunTime:0.000361s ]
SQL: SHOW COLUMNS FROM `users` [ RunTime:0.009267s ]
SQL: SELECT * FROM `users` WHERE ( phone=15692383272 ) LIMIT 1   [ RunTime:0.000458s ]

[ 2014-09-30T11:32:23+08:00 ] 192.168.10.6 /weshop/index.php/Index/home
INFO: [ route_check ] --START--
INFO: CheckRoute Behavior ::run [ RunTime:0.000331s ]
INFO: [ route_check ] --END-- [ RunTime:0.000373s ]
INFO: [ app_begin ] --START--
INFO: ReadHtmlCache Behavior ::run [ RunTime:0.000223s ]
INFO: [ app_begin ] --END-- [ RunTime:0.000255s ]
SQL: SHOW COLUMNS FROM `category` [ RunTime:0.010090s ]
SQL: SELECT * FROM `category`  [ RunTime:0.000437s ]
SQL: SHOW COLUMNS FROM `info` [ RunTime:0.001763s ]
SQL: SHOW COLUMNS FROM `users` [ RunTime:0.001150s ]
SQL: SELECT `name` FROM `info` WHERE ( user_id=24 ) LIMIT 1   [ RunTime:0.004779s ]
SQL: SELECT `reg_time` FROM `users` WHERE ( id=24 ) LIMIT 1   [ RunTime:0.000424s ]
INFO: [ view_parse ] --START--
INFO: ParseTemplate Behavior ::run [ RunTime:0.015672s ]
INFO: [ view_parse ] --END-- [ RunTime:0.015736s ]
INFO: [ view_filter ] --START--
INFO: ContentReplace Behavior ::run [ RunTime:0.000250s ]
INFO: TokenBuild Behavior ::run [ RunTime:0.000247s ]
INFO: WriteHtmlCache Behavior ::run [ RunTime:0.000125s ]
INFO: ShowRuntime Behavior ::run [ RunTime:0.000237s ]
INFO: [ view_filter ] --END-- [ RunTime:0.000967s ]
INFO: [ view_end ] --START--
INFO: ShowPageTrace Behavior ::run [ RunTime:0.000354s ]
INFO: [ view_end ] --END-- [ RunTime:0.000388s ]

[ 2014-09-30T11:32:49+08:00 ] 192.168.10.6 /weshop/index.php/Index/order
INFO: [ route_check ] --START--
INFO: CheckRoute Behavior ::run [ RunTime:0.000936s ]
INFO: [ route_check ] --END-- [ RunTime:0.001143s ]
INFO: [ app_begin ] --START--
INFO: ReadHtmlCache Behavior ::run [ RunTime:0.000501s ]
INFO: [ app_begin ] --END-- [ RunTime:0.000573s ]
SQL: SHOW COLUMNS FROM `category` [ RunTime:0.017936s ]
SQL: SELECT * FROM `category`  [ RunTime:0.000443s ]
INFO: [ view_parse ] --START--
INFO: ParseTemplate Behavior ::run [ RunTime:0.013883s ]
INFO: [ view_parse ] --END-- [ RunTime:0.013993s ]
INFO: [ view_filter ] --START--
INFO: ContentReplace Behavior ::run [ RunTime:0.000333s ]
INFO: TokenBuild Behavior ::run [ RunTime:0.000248s ]
INFO: WriteHtmlCache Behavior ::run [ RunTime:0.000147s ]
INFO: ShowRuntime Behavior ::run [ RunTime:0.000331s ]
INFO: [ view_filter ] --END-- [ RunTime:0.001168s ]
INFO: [ view_end ] --START--
INFO: ShowPageTrace Behavior ::run [ RunTime:0.000389s ]
INFO: [ view_end ] --END-- [ RunTime:0.000439s ]

[ 2014-09-30T11:32:57+08:00 ] 192.168.10.6 /weshop/index.php/Index/address
INFO: [ route_check ] --START--
INFO: CheckRoute Behavior ::run [ RunTime:0.000338s ]
INFO: [ route_check ] --END-- [ RunTime:0.000380s ]
INFO: [ app_begin ] --START--
INFO: ReadHtmlCache Behavior ::run [ RunTime:0.000226s ]
INFO: [ app_begin ] --END-- [ RunTime:0.000259s ]
SQL: SHOW COLUMNS FROM `category` [ RunTime:0.011075s ]
SQL: SELECT * FROM `category`  [ RunTime:0.000348s ]
SQL: SHOW COLUMNS FROM `info` [ RunTime:0.001009s ]
SQL: SHOW COLUMNS FROM `address` [ RunTime:0.000994s ]
SQL: SELECT `name` FROM `info` WHERE ( user_id=24 ) LIMIT 1   [ RunTime:0.000778s ]
SQL: SELECT * FROM `address` WHERE ( user_id=24 )  [ RunTime:0.000413s ]
INFO: [ view_parse ] --START--
INFO: ParseTemplate Behavior ::run [ RunTime:0.007486s ]
INFO: [ view_parse ] --END-- [ RunTime:0.007550s ]
INFO: [ view_filter ] --START--
INFO: ContentReplace Behavior ::run [ RunTime:0.000191s ]
INFO: TokenBuild Behavior ::run [ RunTime:0.000172s ]
INFO: WriteHtmlCache Behavior ::run [ RunTime:0.000096s ]
INFO: ShowRuntime Behavior ::run [ RunTime:0.000179s ]
INFO: [ view_filter ] --END-- [ RunTime:0.000723s ]
INFO: [ view_end ] --START--
INFO: ShowPageTrace Behavior ::run [ RunTime:0.000269s ]
INFO: [ view_end ] --END-- [ RunTime:0.000295s ]

[ 2014-09-30T11:33:02+08:00 ] 192.168.10.6 /weshop/index.php/Index/pwd
INFO: [ route_check ] --START--
INFO: CheckRoute Behavior ::run [ RunTime:0.000449s ]
INFO: [ route_check ] --END-- [ RunTime:0.000504s ]
INFO: [ app_begin ] --START--
INFO: ReadHtmlCache Behavior ::run [ RunTime:0.000300s ]
INFO: [ app_begin ] --END-- [ RunTime:0.000343s ]
SQL: SHOW COLUMNS FROM `category` [ RunTime:0.009741s ]
SQL: SELECT * FROM `category`  [ RunTime:0.000346s ]
SQL: SHOW COLUMNS FROM `user` [ RunTime:0.004222s ]
ERR: 1146:Table 'weshop.user' doesn't exist
 [ SQL语句 ] : SHOW COLUMNS FROM `user`
SQL: SHOW COLUMNS FROM `info` [ RunTime:0.019015s ]
SQL: SELECT `name` FROM `info` WHERE ( user_id=24 ) LIMIT 1   [ RunTime:0.000381s ]
INFO: [ view_parse ] --START--
INFO: ParseTemplate Behavior ::run [ RunTime:0.007028s ]
INFO: [ view_parse ] --END-- [ RunTime:0.007077s ]
INFO: [ view_filter ] --START--
INFO: ContentReplace Behavior ::run [ RunTime:0.000158s ]
INFO: TokenBuild Behavior ::run [ RunTime:0.000168s ]
INFO: WriteHtmlCache Behavior ::run [ RunTime:0.000093s ]
INFO: ShowRuntime Behavior ::run [ RunTime:0.000180s ]
INFO: [ view_filter ] --END-- [ RunTime:0.000677s ]
INFO: [ view_end ] --START--
INFO: ShowPageTrace Behavior ::run [ RunTime:0.000268s ]
INFO: [ view_end ] --END-- [ RunTime:0.000295s ]

[ 2014-09-30T11:33:02+08:00 ] 192.168.10.6 /weshop/index.php/Index/checkPwd
INFO: [ route_check ] --START--
INFO: CheckRoute Behavior ::run [ RunTime:0.000453s ]
INFO: [ route_check ] --END-- [ RunTime:0.000507s ]
INFO: [ app_begin ] --START--
INFO: ReadHtmlCache Behavior ::run [ RunTime:0.000299s ]
INFO: [ app_begin ] --END-- [ RunTime:0.000343s ]
SQL: SHOW COLUMNS FROM `users` [ RunTime:0.001390s ]
SQL: SELECT `password` FROM `users` WHERE ( id=24 ) LIMIT 1   [ RunTime:0.000293s ]

[ 2014-09-30T11:33:07+08:00 ] 192.168.10.6 /weshop/index.php/Products/index
INFO: [ route_check ] --START--
INFO: CheckRoute Behavior ::run [ RunTime:0.000453s ]
INFO: [ route_check ] --END-- [ RunTime:0.000508s ]
INFO: [ app_begin ] --START--
INFO: ReadHtmlCache Behavior ::run [ RunTime:0.000299s ]
INFO: [ app_begin ] --END-- [ RunTime:0.000342s ]
SQL: SHOW COLUMNS FROM `category` [ RunTime:0.011369s ]
SQL: SELECT * FROM `category`  [ RunTime:0.000361s ]
SQL: SHOW COLUMNS FROM `goods` [ RunTime:0.001759s ]
NOTIC: [8] Undefined index: type /Users/apple/Documents/www/weshop/application/default/Lib/Action/ProductsAction.class.php 第 9 行.
SQL: SELECT * FROM `goods` ORDER BY id DESC  [ RunTime:0.000595s ]
NOTIC: [8] Undefined index: type /Users/apple/Documents/www/weshop/application/default/Lib/Action/ProductsAction.class.php 第 11 行.
SQL: SELECT COUNT(*) AS tp_count FROM `goods` LIMIT 1   [ RunTime:0.000326s ]
NOTIC: [8] Undefined variable: show /Users/apple/Documents/www/weshop/application/default/Lib/Action/ProductsAction.class.php 第 27 行.
INFO: [ view_parse ] --START--
INFO: ParseTemplate Behavior ::run [ RunTime:0.007948s ]
INFO: [ view_parse ] --END-- [ RunTime:0.007998s ]
INFO: [ view_filter ] --START--
INFO: ContentReplace Behavior ::run [ RunTime:0.000218s ]
INFO: TokenBuild Behavior ::run [ RunTime:0.000224s ]
INFO: WriteHtmlCache Behavior ::run [ RunTime:0.000106s ]
INFO: ShowRuntime Behavior ::run [ RunTime:0.000202s ]
INFO: [ view_filter ] --END-- [ RunTime:0.000843s ]
INFO: [ view_end ] --START--
INFO: ShowPageTrace Behavior ::run [ RunTime:0.000356s ]
INFO: [ view_end ] --END-- [ RunTime:0.000390s ]

[ 2014-09-30T11:33:18+08:00 ] 192.168.10.6 /weshop/index.php/Products/theProduct?good=27
INFO: [ route_check ] --START--
INFO: CheckRoute Behavior ::run [ RunTime:0.000445s ]
INFO: [ route_check ] --END-- [ RunTime:0.000500s ]
INFO: [ app_begin ] --START--
INFO: ReadHtmlCache Behavior ::run [ RunTime:0.000303s ]
INFO: [ app_begin ] --END-- [ RunTime:0.000347s ]
SQL: SHOW COLUMNS FROM `category` [ RunTime:0.010918s ]
SQL: SELECT * FROM `category`  [ RunTime:0.000345s ]
SQL: SHOW COLUMNS FROM `goods` [ RunTime:0.001639s ]
SQL: SELECT * FROM `goods` WHERE ( id=27 ) LIMIT 1   [ RunTime:0.000478s ]
SQL: SELECT `name` FROM `category` WHERE ( id=2 ) LIMIT 1   [ RunTime:0.000349s ]
SQL: SELECT * FROM `goods` ORDER BY rand() LIMIT 1   [ RunTime:0.000530s ]
SQL: SELECT * FROM `goods` ORDER BY rand() LIMIT 1   [ RunTime:0.000486s ]
INFO: [ view_parse ] --START--
INFO: ParseTemplate Behavior ::run [ RunTime:0.006687s ]
INFO: [ view_parse ] --END-- [ RunTime:0.006752s ]
INFO: [ view_filter ] --START--
INFO: ContentReplace Behavior ::run [ RunTime:0.000216s ]
INFO: TokenBuild Behavior ::run [ RunTime:0.000230s ]
INFO: WriteHtmlCache Behavior ::run [ RunTime:0.000123s ]
INFO: ShowRuntime Behavior ::run [ RunTime:0.000234s ]
INFO: [ view_filter ] --END-- [ RunTime:0.000904s ]
INFO: [ view_end ] --START--
INFO: ShowPageTrace Behavior ::run [ RunTime:0.000353s ]
INFO: [ view_end ] --END-- [ RunTime:0.000388s ]

[ 2014-09-30T11:33:51+08:00 ] 192.168.10.6 /weshop/index.php/
INFO: [ route_check ] --START--
INFO: CheckRoute Behavior ::run [ RunTime:0.000448s ]
INFO: [ route_check ] --END-- [ RunTime:0.000506s ]
INFO: [ app_begin ] --START--
INFO: ReadHtmlCache Behavior ::run [ RunTime:0.000304s ]
INFO: [ app_begin ] --END-- [ RunTime:0.000347s ]
SQL: SHOW COLUMNS FROM `category` [ RunTime:0.010878s ]
SQL: SELECT * FROM `category`  [ RunTime:0.000318s ]
SQL: SHOW COLUMNS FROM `goods` [ RunTime:0.001493s ]
SQL: SELECT * FROM `goods` ORDER BY time desc LIMIT 6   [ RunTime:0.000443s ]
INFO: [ view_parse ] --START--
INFO: ParseTemplate Behavior ::run [ RunTime:0.010614s ]
INFO: [ view_parse ] --END-- [ RunTime:0.010695s ]
INFO: [ view_filter ] --START--
INFO: ContentReplace Behavior ::run [ RunTime:0.002347s ]
INFO: TokenBuild Behavior ::run [ RunTime:0.000353s ]
INFO: WriteHtmlCache Behavior ::run [ RunTime:0.000166s ]
INFO: ShowRuntime Behavior ::run [ RunTime:0.000385s ]
INFO: [ view_filter ] --END-- [ RunTime:0.003399s ]
INFO: [ view_end ] --START--
INFO: ShowPageTrace Behavior ::run [ RunTime:0.000508s ]
INFO: [ view_end ] --END-- [ RunTime:0.000553s ]

[ 2014-09-30T11:40:21+08:00 ] 192.168.10.8 /weshop/index.php/Products/theproduct?good=27
INFO: [ route_check ] --START--
INFO: CheckRoute Behavior ::run [ RunTime:0.000460s ]
INFO: [ route_check ] --END-- [ RunTime:0.000518s ]
INFO: [ app_begin ] --START--
INFO: ReadHtmlCache Behavior ::run [ RunTime:0.000307s ]
INFO: [ app_begin ] --END-- [ RunTime:0.000352s ]
SQL: SHOW COLUMNS FROM `category` [ RunTime:0.009046s ]
SQL: SELECT * FROM `category`  [ RunTime:0.000392s ]
SQL: SHOW COLUMNS FROM `goods` [ RunTime:0.002288s ]
SQL: SELECT * FROM `goods` WHERE ( id=27 ) LIMIT 1   [ RunTime:0.000347s ]
SQL: SELECT `name` FROM `category` WHERE ( id=2 ) LIMIT 1   [ RunTime:0.000248s ]
SQL: SELECT * FROM `goods` ORDER BY rand() LIMIT 1   [ RunTime:0.000424s ]
SQL: SELECT * FROM `goods` ORDER BY rand() LIMIT 1   [ RunTime:0.000418s ]
INFO: [ view_parse ] --START--
INFO: ParseTemplate Behavior ::run [ RunTime:0.009539s ]
INFO: [ view_parse ] --END-- [ RunTime:0.009614s ]
INFO: [ view_filter ] --START--
INFO: ContentReplace Behavior ::run [ RunTime:0.000382s ]
INFO: TokenBuild Behavior ::run [ RunTime:0.000343s ]
INFO: WriteHtmlCache Behavior ::run [ RunTime:0.000190s ]
INFO: ShowRuntime Behavior ::run [ RunTime:0.000346s ]
INFO: [ view_filter ] --END-- [ RunTime:0.001416s ]
INFO: [ view_end ] --START--
INFO: ShowPageTrace Behavior ::run [ RunTime:0.000535s ]
INFO: [ view_end ] --END-- [ RunTime:0.000591s ]

[ 2014-09-30T11:56:14+08:00 ] 192.168.10.6 /weshop/index.php/Products/index
INFO: [ route_check ] --START--
INFO: CheckRoute Behavior ::run [ RunTime:0.002398s ]
INFO: [ route_check ] --END-- [ RunTime:0.002556s ]
INFO: [ app_begin ] --START--
INFO: ReadHtmlCache Behavior ::run [ RunTime:0.000422s ]
INFO: [ app_begin ] --END-- [ RunTime:0.000509s ]
SQL: SHOW COLUMNS FROM `category` [ RunTime:0.018451s ]
SQL: SELECT * FROM `category`  [ RunTime:0.000401s ]
SQL: SHOW COLUMNS FROM `goods` [ RunTime:0.001427s ]
NOTIC: [8] Undefined index: type /Users/apple/Documents/www/weshop/application/default/Lib/Action/ProductsAction.class.php 第 9 行.
SQL: SELECT * FROM `goods` ORDER BY id DESC  [ RunTime:0.000372s ]
NOTIC: [8] Undefined index: type /Users/apple/Documents/www/weshop/application/default/Lib/Action/ProductsAction.class.php 第 11 行.
SQL: SELECT COUNT(*) AS tp_count FROM `goods` LIMIT 1   [ RunTime:0.000291s ]
NOTIC: [8] Undefined variable: show /Users/apple/Documents/www/weshop/application/default/Lib/Action/ProductsAction.class.php 第 27 行.
INFO: [ view_parse ] --START--
INFO: ParseTemplate Behavior ::run [ RunTime:0.008462s ]
INFO: [ view_parse ] --END-- [ RunTime:0.008524s ]
INFO: [ view_filter ] --START--
INFO: ContentReplace Behavior ::run [ RunTime:0.000351s ]
INFO: TokenBuild Behavior ::run [ RunTime:0.000229s ]
INFO: WriteHtmlCache Behavior ::run [ RunTime:0.000120s ]
INFO: ShowRuntime Behavior ::run [ RunTime:0.000220s ]
INFO: [ view_filter ] --END-- [ RunTime:0.000999s ]
INFO: [ view_end ] --START--
INFO: ShowPageTrace Behavior ::run [ RunTime:0.000309s ]
INFO: [ view_end ] --END-- [ RunTime:0.000340s ]

[ 2014-09-30T16:51:40+08:00 ] 0.0.0.0 /weshop/index.php/Index/home
INFO: [ route_check ] --START--
INFO: CheckRoute Behavior ::run [ RunTime:0.001330s ]
INFO: [ route_check ] --END-- [ RunTime:0.002685s ]
INFO: [ app_begin ] --START--
INFO: ReadHtmlCache Behavior ::run [ RunTime:0.000704s ]
INFO: [ app_begin ] --END-- [ RunTime:0.000790s ]
NOTIC: [8] Undefined index: userId /Users/apple/Documents/www/weshop/application/default/Lib/Action/IndexAction.class.php 第 54 行.
SQL: SHOW COLUMNS FROM `category` [ RunTime:0.017828s ]
SQL: SELECT * FROM `category`  [ RunTime:0.005561s ]
INFO: [ view_parse ] --START--
INFO: ParseTemplate Behavior ::run [ RunTime:0.018529s ]
INFO: [ view_parse ] --END-- [ RunTime:0.018625s ]
INFO: [ view_filter ] --START--
INFO: ContentReplace Behavior ::run [ RunTime:0.000652s ]
INFO: TokenBuild Behavior ::run [ RunTime:0.000642s ]
INFO: WriteHtmlCache Behavior ::run [ RunTime:0.000458s ]
INFO: ShowRuntime Behavior ::run [ RunTime:0.000606s ]
INFO: [ view_filter ] --END-- [ RunTime:0.002545s ]
INFO: [ view_end ] --START--
INFO: ShowPageTrace Behavior ::run [ RunTime:0.000718s ]
INFO: [ view_end ] --END-- [ RunTime:0.000787s ]

